{"/home/artur/code/cfp/codeforpoznan.pl_v3/frontend/src/main.js": {"path":"/home/artur/code/cfp/codeforpoznan.pl_v3/frontend/src/main.js","statementMap":{"0":{"start":{"line":12,"column":0},"end":{"line":12,"column":19}},"1":{"start":{"line":13,"column":0},"end":{"line":13,"column":23}},"2":{"start":{"line":15,"column":0},"end":{"line":15,"column":42}},"3":{"start":{"line":17,"column":0},"end":{"line":17,"column":33}},"4":{"start":{"line":18,"column":0},"end":{"line":18,"column":67}},"5":{"start":{"line":19,"column":14},"end":{"line":19,"column":43}},"6":{"start":{"line":21,"column":0},"end":{"line":23,"column":1}},"7":{"start":{"line":22,"column":2},"end":{"line":22,"column":69}},"8":{"start":{"line":25,"column":34},"end":{"line":49,"column":1}},"9":{"start":{"line":26,"column":14},"end":{"line":26,"column":22}},"10":{"start":{"line":28,"column":4},"end":{"line":47,"column":5}},"11":{"start":{"line":33,"column":6},"end":{"line":44,"column":11}},"12":{"start":{"line":36,"column":10},"end":{"line":36,"column":55}},"13":{"start":{"line":37,"column":10},"end":{"line":37,"column":45}},"14":{"start":{"line":40,"column":10},"end":{"line":40,"column":64}},"15":{"start":{"line":41,"column":10},"end":{"line":41,"column":43}},"16":{"start":{"line":42,"column":10},"end":{"line":42,"column":51}},"17":{"start":{"line":43,"column":10},"end":{"line":43,"column":32}},"18":{"start":{"line":46,"column":6},"end":{"line":46,"column":35}},"19":{"start":{"line":51,"column":0},"end":{"line":56,"column":18}},"20":{"start":{"line":55,"column":15},"end":{"line":55,"column":21}}},"fnMap":{"0":{"name":"(anonymous_0)","decl":{"start":{"line":26,"column":2},"end":{"line":26,"column":3}},"loc":{"start":{"line":26,"column":14},"end":{"line":26,"column":22}},"line":26},"1":{"name":"(anonymous_1)","decl":{"start":{"line":27,"column":2},"end":{"line":27,"column":3}},"loc":{"start":{"line":27,"column":11},"end":{"line":48,"column":3}},"line":27},"2":{"name":"(anonymous_2)","decl":{"start":{"line":35,"column":14},"end":{"line":35,"column":15}},"loc":{"start":{"line":35,"column":20},"end":{"line":38,"column":9}},"line":35},"3":{"name":"(anonymous_3)","decl":{"start":{"line":39,"column":15},"end":{"line":39,"column":16}},"loc":{"start":{"line":39,"column":21},"end":{"line":44,"column":9}},"line":39},"4":{"name":"(anonymous_4)","decl":{"start":{"line":55,"column":10},"end":{"line":55,"column":11}},"loc":{"start":{"line":55,"column":15},"end":{"line":55,"column":21}},"line":55}},"branchMap":{"0":{"loc":{"start":{"line":18,"column":25},"end":{"line":18,"column":66}},"type":"binary-expr","locations":[{"start":{"line":18,"column":25},"end":{"line":18,"column":59}},{"start":{"line":18,"column":63},"end":{"line":18,"column":66}}],"line":18},"1":{"loc":{"start":{"line":21,"column":0},"end":{"line":23,"column":1}},"type":"if","locations":[{"start":{"line":21,"column":0},"end":{"line":23,"column":1}},{"start":{"line":21,"column":0},"end":{"line":23,"column":1}}],"line":21},"2":{"loc":{"start":{"line":28,"column":4},"end":{"line":47,"column":5}},"type":"if","locations":[{"start":{"line":28,"column":4},"end":{"line":47,"column":5}},{"start":{"line":28,"column":4},"end":{"line":47,"column":5}}],"line":28},"3":{"loc":{"start":{"line":29,"column":6},"end":{"line":31,"column":43}},"type":"binary-expr","locations":[{"start":{"line":29,"column":6},"end":{"line":29,"column":35}},{"start":{"line":30,"column":6},"end":{"line":30,"column":49}},{"start":{"line":31,"column":6},"end":{"line":31,"column":43}}],"line":29}},"s":{"0":0,"1":0,"2":0,"3":0,"4":0,"5":0,"6":0,"7":0,"8":0,"9":0,"10":0,"11":0,"12":0,"13":0,"14":0,"15":0,"16":0,"17":0,"18":0,"19":0,"20":0},"f":{"0":0,"1":0,"2":0,"3":0,"4":0},"b":{"0":[0,0],"1":[0,0],"2":[0,0],"3":[0,0,0]},"hash":"af27cc68e395c11ec635b4164d7f65645343509c"}
,"/home/artur/code/cfp/codeforpoznan.pl_v3/frontend/src/router.js": {"path":"/home/artur/code/cfp/codeforpoznan.pl_v3/frontend/src/router.js","statementMap":{"0":{"start":{"line":9,"column":0},"end":{"line":9,"column":19}},"1":{"start":{"line":11,"column":15},"end":{"line":26,"column":1}},"2":{"start":{"line":18,"column":6},"end":{"line":22,"column":7}},"3":{"start":{"line":19,"column":8},"end":{"line":19,"column":23}},"4":{"start":{"line":21,"column":8},"end":{"line":21,"column":15}}},"fnMap":{"0":{"name":"(anonymous_0)","decl":{"start":{"line":17,"column":17},"end":{"line":17,"column":18}},"loc":{"start":{"line":17,"column":37},"end":{"line":23,"column":5}},"line":17}},"branchMap":{"0":{"loc":{"start":{"line":18,"column":6},"end":{"line":22,"column":7}},"type":"if","locations":[{"start":{"line":18,"column":6},"end":{"line":22,"column":7}},{"start":{"line":18,"column":6},"end":{"line":22,"column":7}}],"line":18}},"s":{"0":0,"1":0,"2":0,"3":0,"4":0},"f":{"0":0},"b":{"0":[0,0]},"hash":"be824f9ece99ee502bb44124edafbfac0f9a6a16"}
,"/home/artur/code/cfp/codeforpoznan.pl_v3/frontend/src/components/Dashboard/Dashboard.vue": {"path":"/home/artur/code/cfp/codeforpoznan.pl_v3/frontend/src/components/Dashboard/Dashboard.vue","statementMap":{"0":{"start":{"line":22,"column":0},"end":{"line":22,"column":null}},"1":{"start":{"line":23,"column":0},"end":{"line":23,"column":null}},"2":{"start":{"line":24,"column":0},"end":{"line":24,"column":null}},"3":{"start":{"line":25,"column":0},"end":{"line":25,"column":null}},"4":{"start":{"line":26,"column":0},"end":{"line":26,"column":null}},"5":{"start":{"line":27,"column":0},"end":{"line":27,"column":null}},"6":{"start":{"line":41,"column":0},"end":{"line":41,"column":null}}},"fnMap":{"0":{"name":"(anonymous_1)","decl":{"start":{"line":40,"column":0},"end":{"line":40,"column":null}},"loc":{"start":{"line":40,"column":0},"end":{"line":42,"column":null}}}},"branchMap":{},"s":{"0":1,"1":1,"2":1,"3":1,"4":1,"5":1,"6":1},"f":{"0":1},"b":{}}
,"/home/artur/code/cfp/codeforpoznan.pl_v3/frontend/src/components/Dashboard/Hacknight/Hacknight.vue": {"path":"/home/artur/code/cfp/codeforpoznan.pl_v3/frontend/src/components/Dashboard/Hacknight/Hacknight.vue","statementMap":{"0":{"start":{"line":75,"column":0},"end":{"line":75,"column":null}},"1":{"start":{"line":78,"column":0},"end":{"line":78,"column":null}},"2":{"start":{"line":85,"column":0},"end":{"line":85,"column":null}},"3":{"start":{"line":86,"column":0},"end":{"line":86,"column":null}},"4":{"start":{"line":90,"column":0},"end":{"line":90,"column":null}},"5":{"start":{"line":95,"column":0},"end":{"line":95,"column":null}},"6":{"start":{"line":98,"column":0},"end":{"line":98,"column":null}},"7":{"start":{"line":100,"column":0},"end":{"line":100,"column":null}},"8":{"start":{"line":106,"column":0},"end":{"line":106,"column":null}}},"fnMap":{"0":{"name":"(anonymous_1)","decl":{"start":{"line":77,"column":0},"end":{"line":77,"column":null}},"loc":{"start":{"line":77,"column":0},"end":{"line":83,"column":null}}},"1":{"name":"(anonymous_2)","decl":{"start":{"line":84,"column":0},"end":{"line":84,"column":null}},"loc":{"start":{"line":84,"column":0},"end":{"line":87,"column":null}}},"2":{"name":"(anonymous_3)","decl":{"start":{"line":89,"column":0},"end":{"line":89,"column":null}},"loc":{"start":{"line":89,"column":0},"end":{"line":93,"column":null}}},"3":{"name":"(anonymous_4)","decl":{"start":{"line":90,"column":0},"end":{"line":90,"column":null}},"loc":{"start":{"line":90,"column":0},"end":{"line":90,"column":null}}},"4":{"name":"(anonymous_5)","decl":{"start":{"line":94,"column":0},"end":{"line":94,"column":null}},"loc":{"start":{"line":94,"column":0},"end":{"line":96,"column":null}}},"5":{"name":"(anonymous_6)","decl":{"start":{"line":97,"column":0},"end":{"line":97,"column":null}},"loc":{"start":{"line":97,"column":0},"end":{"line":101,"column":null}}},"6":{"name":"(anonymous_7)","decl":{"start":{"line":98,"column":0},"end":{"line":98,"column":null}},"loc":{"start":{"line":98,"column":0},"end":{"line":98,"column":null}}},"7":{"name":"(anonymous_8)","decl":{"start":{"line":105,"column":0},"end":{"line":105,"column":null}},"loc":{"start":{"line":105,"column":0},"end":{"line":107,"column":null}}}},"branchMap":{"0":{"loc":{"start":{"line":89,"column":0},"end":{"line":89,"column":null}},"type":"default-arg","locations":[{"start":{"line":89,"column":0},"end":{"line":89,"column":null}}]}},"s":{"0":2,"1":2,"2":2,"3":2,"4":0,"5":0,"6":0,"7":0,"8":2},"f":{"0":2,"1":2,"2":0,"3":0,"4":0,"5":0,"6":0,"7":2},"b":{"0":[0]}}
,"/home/artur/code/cfp/codeforpoznan.pl_v3/frontend/src/components/Dashboard/HacknightsParticipants/HacknightsParticipants.vue": {"path":"/home/artur/code/cfp/codeforpoznan.pl_v3/frontend/src/components/Dashboard/HacknightsParticipants/HacknightsParticipants.vue","statementMap":{"0":{"start":{"line":73,"column":0},"end":{"line":73,"column":null}},"1":{"start":{"line":74,"column":0},"end":{"line":74,"column":null}},"2":{"start":{"line":77,"column":0},"end":{"line":77,"column":null}},"3":{"start":{"line":85,"column":0},"end":{"line":85,"column":null}},"4":{"start":{"line":87,"column":0},"end":{"line":87,"column":null}},"5":{"start":{"line":92,"column":0},"end":{"line":92,"column":null}},"6":{"start":{"line":94,"column":0},"end":{"line":94,"column":null}},"7":{"start":{"line":97,"column":0},"end":{"line":97,"column":null}},"8":{"start":{"line":107,"column":0},"end":{"line":107,"column":null}}},"fnMap":{"0":{"name":"(anonymous_1)","decl":{"start":{"line":76,"column":0},"end":{"line":76,"column":null}},"loc":{"start":{"line":76,"column":0},"end":{"line":82,"column":null}}},"1":{"name":"(anonymous_2)","decl":{"start":{"line":84,"column":0},"end":{"line":84,"column":null}},"loc":{"start":{"line":84,"column":0},"end":{"line":90,"column":null}}},"2":{"name":"(anonymous_3)","decl":{"start":{"line":85,"column":0},"end":{"line":85,"column":null}},"loc":{"start":{"line":85,"column":0},"end":{"line":85,"column":null}}},"3":{"name":"(anonymous_4)","decl":{"start":{"line":87,"column":0},"end":{"line":87,"column":null}},"loc":{"start":{"line":87,"column":0},"end":{"line":87,"column":null}}},"4":{"name":"(anonymous_5)","decl":{"start":{"line":91,"column":0},"end":{"line":91,"column":null}},"loc":{"start":{"line":91,"column":0},"end":{"line":95,"column":null}}},"5":{"name":"(anonymous_6)","decl":{"start":{"line":96,"column":0},"end":{"line":96,"column":null}},"loc":{"start":{"line":96,"column":0},"end":{"line":105,"column":null}}},"6":{"name":"(anonymous_7)","decl":{"start":{"line":97,"column":0},"end":{"line":97,"column":null}},"loc":{"start":{"line":97,"column":0},"end":{"line":97,"column":null}}},"7":{"name":"(anonymous_10)","decl":{"start":{"line":106,"column":0},"end":{"line":106,"column":null}},"loc":{"start":{"line":106,"column":0},"end":{"line":110,"column":null}}},"8":{"name":"(anonymous_11)","decl":{"start":{"line":107,"column":0},"end":{"line":107,"column":null}},"loc":{"start":{"line":107,"column":0},"end":{"line":107,"column":null}}}},"branchMap":{},"s":{"0":2,"1":2,"2":2,"3":0,"4":0,"5":0,"6":0,"7":2,"8":2},"f":{"0":2,"1":0,"2":0,"3":0,"4":0,"5":2,"6":0,"7":2,"8":0},"b":{}}
,"/home/artur/code/cfp/codeforpoznan.pl_v3/frontend/src/components/Dashboard/Header/DashboardHeader.vue": {"path":"/home/artur/code/cfp/codeforpoznan.pl_v3/frontend/src/components/Dashboard/Header/DashboardHeader.vue","statementMap":{"0":{"start":{"line":46,"column":0},"end":{"line":46,"column":null}},"1":{"start":{"line":53,"column":0},"end":{"line":53,"column":null}},"2":{"start":{"line":54,"column":0},"end":{"line":54,"column":null}}},"fnMap":{"0":{"name":"(anonymous_1)","decl":{"start":{"line":45,"column":0},"end":{"line":45,"column":null}},"loc":{"start":{"line":45,"column":0},"end":{"line":50,"column":null}}},"1":{"name":"(anonymous_2)","decl":{"start":{"line":52,"column":0},"end":{"line":52,"column":null}},"loc":{"start":{"line":52,"column":0},"end":{"line":55,"column":null}}}},"branchMap":{},"s":{"0":2,"1":0,"2":0},"f":{"0":2,"1":0},"b":{}}
,"/home/artur/code/cfp/codeforpoznan.pl_v3/frontend/src/components/Dashboard/Participants/Participants.vue": {"path":"/home/artur/code/cfp/codeforpoznan.pl_v3/frontend/src/components/Dashboard/Participants/Participants.vue","statementMap":{"0":{"start":{"line":168,"column":0},"end":{"line":168,"column":null}},"1":{"start":{"line":169,"column":0},"end":{"line":169,"column":null}},"2":{"start":{"line":170,"column":0},"end":{"line":170,"column":null}},"3":{"start":{"line":177,"column":0},"end":{"line":177,"column":null}},"4":{"start":{"line":178,"column":0},"end":{"line":178,"column":null}},"5":{"start":{"line":185,"column":0},"end":{"line":185,"column":null}},"6":{"start":{"line":212,"column":0},"end":{"line":212,"column":null}},"7":{"start":{"line":223,"column":0},"end":{"line":223,"column":null}},"8":{"start":{"line":254,"column":0},"end":{"line":265,"column":null}},"9":{"start":{"line":255,"column":0},"end":{"line":255,"column":null}},"10":{"start":{"line":256,"column":0},"end":{"line":264,"column":null}},"11":{"start":{"line":259,"column":0},"end":{"line":259,"column":null}},"12":{"start":{"line":261,"column":0},"end":{"line":263,"column":null}},"13":{"start":{"line":262,"column":0},"end":{"line":262,"column":null}},"14":{"start":{"line":268,"column":0},"end":{"line":276,"column":null}},"15":{"start":{"line":271,"column":0},"end":{"line":275,"column":null}},"16":{"start":{"line":272,"column":0},"end":{"line":272,"column":null}},"17":{"start":{"line":273,"column":0},"end":{"line":273,"column":null}},"18":{"start":{"line":274,"column":0},"end":{"line":274,"column":null}},"19":{"start":{"line":279,"column":0},"end":{"line":293,"column":null}},"20":{"start":{"line":280,"column":0},"end":{"line":280,"column":null}},"21":{"start":{"line":281,"column":0},"end":{"line":281,"column":null}},"22":{"start":{"line":282,"column":0},"end":{"line":282,"column":null}},"23":{"start":{"line":284,"column":0},"end":{"line":292,"column":null}},"24":{"start":{"line":287,"column":0},"end":{"line":291,"column":null}},"25":{"start":{"line":288,"column":0},"end":{"line":288,"column":null}},"26":{"start":{"line":289,"column":0},"end":{"line":289,"column":null}},"27":{"start":{"line":290,"column":0},"end":{"line":290,"column":null}},"28":{"start":{"line":296,"column":0},"end":{"line":296,"column":null}},"29":{"start":{"line":297,"column":0},"end":{"line":297,"column":null}},"30":{"start":{"line":298,"column":0},"end":{"line":298,"column":null}},"31":{"start":{"line":301,"column":0},"end":{"line":301,"column":null}},"32":{"start":{"line":306,"column":0},"end":{"line":310,"column":null}},"33":{"start":{"line":307,"column":0},"end":{"line":307,"column":null}},"34":{"start":{"line":309,"column":0},"end":{"line":309,"column":null}},"35":{"start":{"line":313,"column":0},"end":{"line":313,"column":null}},"36":{"start":{"line":314,"column":0},"end":{"line":314,"column":null}},"37":{"start":{"line":320,"column":0},"end":{"line":320,"column":null}},"38":{"start":{"line":321,"column":0},"end":{"line":321,"column":null}},"39":{"start":{"line":328,"column":0},"end":{"line":328,"column":null}},"40":{"start":{"line":330,"column":0},"end":{"line":330,"column":null}},"41":{"start":{"line":333,"column":0},"end":{"line":333,"column":null}},"42":{"start":{"line":334,"column":0},"end":{"line":334,"column":null}},"43":{"start":{"line":341,"column":0},"end":{"line":341,"column":null}},"44":{"start":{"line":343,"column":0},"end":{"line":343,"column":null}},"45":{"start":{"line":346,"column":0},"end":{"line":346,"column":null}},"46":{"start":{"line":347,"column":0},"end":{"line":347,"column":null}},"47":{"start":{"line":354,"column":0},"end":{"line":354,"column":null}},"48":{"start":{"line":356,"column":0},"end":{"line":356,"column":null}},"49":{"start":{"line":361,"column":0},"end":{"line":361,"column":null}},"50":{"start":{"line":371,"column":0},"end":{"line":371,"column":null}},"51":{"start":{"line":373,"column":0},"end":{"line":373,"column":null}},"52":{"start":{"line":374,"column":0},"end":{"line":374,"column":null}},"53":{"start":{"line":375,"column":0},"end":{"line":375,"column":null}},"54":{"start":{"line":376,"column":0},"end":{"line":376,"column":null}},"55":{"start":{"line":377,"column":0},"end":{"line":377,"column":null}},"56":{"start":{"line":380,"column":0},"end":{"line":380,"column":null}},"57":{"start":{"line":382,"column":0},"end":{"line":382,"column":null}},"58":{"start":{"line":383,"column":0},"end":{"line":383,"column":null}},"59":{"start":{"line":385,"column":0},"end":{"line":385,"column":null}},"60":{"start":{"line":386,"column":0},"end":{"line":386,"column":null}},"61":{"start":{"line":387,"column":0},"end":{"line":387,"column":null}},"62":{"start":{"line":390,"column":0},"end":{"line":390,"column":null}},"63":{"start":{"line":392,"column":0},"end":{"line":392,"column":null}},"64":{"start":{"line":393,"column":0},"end":{"line":393,"column":null}},"65":{"start":{"line":395,"column":0},"end":{"line":395,"column":null}},"66":{"start":{"line":396,"column":0},"end":{"line":396,"column":null}},"67":{"start":{"line":397,"column":0},"end":{"line":397,"column":null}},"68":{"start":{"line":400,"column":0},"end":{"line":400,"column":null}},"69":{"start":{"line":402,"column":0},"end":{"line":402,"column":null}},"70":{"start":{"line":403,"column":0},"end":{"line":403,"column":null}},"71":{"start":{"line":404,"column":0},"end":{"line":404,"column":null}},"72":{"start":{"line":406,"column":0},"end":{"line":406,"column":null}},"73":{"start":{"line":407,"column":0},"end":{"line":407,"column":null}},"74":{"start":{"line":410,"column":0},"end":{"line":410,"column":null}},"75":{"start":{"line":412,"column":0},"end":{"line":412,"column":null}},"76":{"start":{"line":413,"column":0},"end":{"line":413,"column":null}},"77":{"start":{"line":414,"column":0},"end":{"line":414,"column":null}},"78":{"start":{"line":415,"column":0},"end":{"line":415,"column":null}},"79":{"start":{"line":416,"column":0},"end":{"line":416,"column":null}},"80":{"start":{"line":419,"column":0},"end":{"line":419,"column":null}},"81":{"start":{"line":421,"column":0},"end":{"line":421,"column":null}},"82":{"start":{"line":422,"column":0},"end":{"line":422,"column":null}},"83":{"start":{"line":424,"column":0},"end":{"line":424,"column":null}},"84":{"start":{"line":425,"column":0},"end":{"line":425,"column":null}},"85":{"start":{"line":426,"column":0},"end":{"line":426,"column":null}}},"fnMap":{"0":{"name":"(anonymous_1)","decl":{"start":{"line":184,"column":0},"end":{"line":184,"column":null}},"loc":{"start":{"line":184,"column":0},"end":{"line":202,"column":null}}},"1":{"name":"(anonymous_2)","decl":{"start":{"line":211,"column":0},"end":{"line":211,"column":null}},"loc":{"start":{"line":211,"column":0},"end":{"line":217,"column":null}}},"2":{"name":"(anonymous_3)","decl":{"start":{"line":212,"column":0},"end":{"line":212,"column":null}},"loc":{"start":{"line":212,"column":0},"end":{"line":212,"column":null}}},"3":{"name":"(anonymous_4)","decl":{"start":{"line":222,"column":0},"end":{"line":222,"column":null}},"loc":{"start":{"line":222,"column":0},"end":{"line":228,"column":null}}},"4":{"name":"(anonymous_5)","decl":{"start":{"line":223,"column":0},"end":{"line":223,"column":null}},"loc":{"start":{"line":223,"column":0},"end":{"line":223,"column":null}}},"5":{"name":"(anonymous_6)","decl":{"start":{"line":253,"column":0},"end":{"line":253,"column":null}},"loc":{"start":{"line":253,"column":0},"end":{"line":266,"column":null}}},"6":{"name":"(anonymous_7)","decl":{"start":{"line":256,"column":0},"end":{"line":256,"column":null}},"loc":{"start":{"line":256,"column":0},"end":{"line":264,"column":null}}},"7":{"name":"(anonymous_8)","decl":{"start":{"line":261,"column":0},"end":{"line":261,"column":null}},"loc":{"start":{"line":261,"column":0},"end":{"line":263,"column":null}}},"8":{"name":"(anonymous_9)","decl":{"start":{"line":267,"column":0},"end":{"line":267,"column":null}},"loc":{"start":{"line":267,"column":0},"end":{"line":277,"column":null}}},"9":{"name":"(anonymous_10)","decl":{"start":{"line":269,"column":0},"end":{"line":269,"column":null}},"loc":{"start":{"line":269,"column":0},"end":{"line":276,"column":null}}},"10":{"name":"(anonymous_11)","decl":{"start":{"line":274,"column":0},"end":{"line":274,"column":null}},"loc":{"start":{"line":274,"column":0},"end":{"line":274,"column":null}}},"11":{"name":"(anonymous_12)","decl":{"start":{"line":278,"column":0},"end":{"line":278,"column":null}},"loc":{"start":{"line":278,"column":0},"end":{"line":294,"column":null}}},"12":{"name":"(anonymous_13)","decl":{"start":{"line":284,"column":0},"end":{"line":284,"column":null}},"loc":{"start":{"line":284,"column":0},"end":{"line":292,"column":null}}},"13":{"name":"(anonymous_14)","decl":{"start":{"line":290,"column":0},"end":{"line":290,"column":null}},"loc":{"start":{"line":290,"column":0},"end":{"line":290,"column":null}}},"14":{"name":"(anonymous_15)","decl":{"start":{"line":295,"column":0},"end":{"line":295,"column":null}},"loc":{"start":{"line":295,"column":0},"end":{"line":299,"column":null}}},"15":{"name":"(anonymous_16)","decl":{"start":{"line":300,"column":0},"end":{"line":300,"column":null}},"loc":{"start":{"line":300,"column":0},"end":{"line":304,"column":null}}},"16":{"name":"(anonymous_17)","decl":{"start":{"line":301,"column":0},"end":{"line":301,"column":null}},"loc":{"start":{"line":301,"column":0},"end":{"line":301,"column":null}}},"17":{"name":"(anonymous_18)","decl":{"start":{"line":305,"column":0},"end":{"line":305,"column":null}},"loc":{"start":{"line":305,"column":0},"end":{"line":311,"column":null}}},"18":{"name":"(anonymous_19)","decl":{"start":{"line":312,"column":0},"end":{"line":312,"column":null}},"loc":{"start":{"line":312,"column":0},"end":{"line":318,"column":null}}},"19":{"name":"(anonymous_20)","decl":{"start":{"line":319,"column":0},"end":{"line":319,"column":null}},"loc":{"start":{"line":319,"column":0},"end":{"line":331,"column":null}}},"20":{"name":"(anonymous_21)","decl":{"start":{"line":321,"column":0},"end":{"line":321,"column":null}},"loc":{"start":{"line":321,"column":0},"end":{"line":321,"column":null}}},"21":{"name":"(anonymous_22)","decl":{"start":{"line":330,"column":0},"end":{"line":330,"column":null}},"loc":{"start":{"line":330,"column":0},"end":{"line":330,"column":null}}},"22":{"name":"(anonymous_23)","decl":{"start":{"line":332,"column":0},"end":{"line":332,"column":null}},"loc":{"start":{"line":332,"column":0},"end":{"line":344,"column":null}}},"23":{"name":"(anonymous_24)","decl":{"start":{"line":334,"column":0},"end":{"line":334,"column":null}},"loc":{"start":{"line":334,"column":0},"end":{"line":334,"column":null}}},"24":{"name":"(anonymous_25)","decl":{"start":{"line":343,"column":0},"end":{"line":343,"column":null}},"loc":{"start":{"line":343,"column":0},"end":{"line":343,"column":null}}},"25":{"name":"(anonymous_26)","decl":{"start":{"line":345,"column":0},"end":{"line":345,"column":null}},"loc":{"start":{"line":345,"column":0},"end":{"line":357,"column":null}}},"26":{"name":"(anonymous_27)","decl":{"start":{"line":347,"column":0},"end":{"line":347,"column":null}},"loc":{"start":{"line":347,"column":0},"end":{"line":347,"column":null}}},"27":{"name":"(anonymous_28)","decl":{"start":{"line":356,"column":0},"end":{"line":356,"column":null}},"loc":{"start":{"line":356,"column":0},"end":{"line":356,"column":null}}},"28":{"name":"(anonymous_29)","decl":{"start":{"line":360,"column":0},"end":{"line":360,"column":null}},"loc":{"start":{"line":360,"column":0},"end":{"line":362,"column":null}}},"29":{"name":"(anonymous_30)","decl":{"start":{"line":370,"column":0},"end":{"line":370,"column":null}},"loc":{"start":{"line":370,"column":0},"end":{"line":378,"column":null}}},"30":{"name":"(anonymous_31)","decl":{"start":{"line":379,"column":0},"end":{"line":379,"column":null}},"loc":{"start":{"line":379,"column":0},"end":{"line":388,"column":null}}},"31":{"name":"(anonymous_32)","decl":{"start":{"line":389,"column":0},"end":{"line":389,"column":null}},"loc":{"start":{"line":389,"column":0},"end":{"line":398,"column":null}}},"32":{"name":"(anonymous_33)","decl":{"start":{"line":399,"column":0},"end":{"line":399,"column":null}},"loc":{"start":{"line":399,"column":0},"end":{"line":408,"column":null}}},"33":{"name":"(anonymous_34)","decl":{"start":{"line":409,"column":0},"end":{"line":409,"column":null}},"loc":{"start":{"line":409,"column":0},"end":{"line":417,"column":null}}},"34":{"name":"(anonymous_35)","decl":{"start":{"line":418,"column":0},"end":{"line":418,"column":null}},"loc":{"start":{"line":418,"column":0},"end":{"line":427,"column":null}}}},"branchMap":{"0":{"loc":{"start":{"line":212,"column":0},"end":{"line":212,"column":null}},"type":"cond-expr","locations":[{"start":{"line":212,"column":0},"end":{"line":212,"column":null}},{"start":{"line":212,"column":0},"end":{"line":212,"column":null}}]},"1":{"loc":{"start":{"line":223,"column":0},"end":{"line":223,"column":null}},"type":"cond-expr","locations":[{"start":{"line":223,"column":0},"end":{"line":223,"column":null}},{"start":{"line":223,"column":0},"end":{"line":223,"column":null}}]},"2":{"loc":{"start":{"line":254,"column":0},"end":{"line":265,"column":null}},"type":"if","locations":[{"start":{"line":254,"column":0},"end":{"line":265,"column":null}},{"start":{"line":254,"column":0},"end":{"line":265,"column":null}}]},"3":{"loc":{"start":{"line":271,"column":0},"end":{"line":275,"column":null}},"type":"if","locations":[{"start":{"line":271,"column":0},"end":{"line":275,"column":null}},{"start":{"line":271,"column":0},"end":{"line":275,"column":null}}]},"4":{"loc":{"start":{"line":279,"column":0},"end":{"line":293,"column":null}},"type":"if","locations":[{"start":{"line":279,"column":0},"end":{"line":293,"column":null}},{"start":{"line":279,"column":0},"end":{"line":293,"column":null}}]},"5":{"loc":{"start":{"line":280,"column":0},"end":{"line":280,"column":null}},"type":"if","locations":[{"start":{"line":280,"column":0},"end":{"line":280,"column":null}},{"start":{"line":280,"column":0},"end":{"line":280,"column":null}}]},"6":{"loc":{"start":{"line":281,"column":0},"end":{"line":281,"column":null}},"type":"if","locations":[{"start":{"line":281,"column":0},"end":{"line":281,"column":null}},{"start":{"line":281,"column":0},"end":{"line":281,"column":null}}]},"7":{"loc":{"start":{"line":287,"column":0},"end":{"line":291,"column":null}},"type":"if","locations":[{"start":{"line":287,"column":0},"end":{"line":291,"column":null}},{"start":{"line":287,"column":0},"end":{"line":291,"column":null}}]},"8":{"loc":{"start":{"line":301,"column":0},"end":{"line":301,"column":null}},"type":"binary-expr","locations":[{"start":{"line":301,"column":0},"end":{"line":301,"column":null}},{"start":{"line":301,"column":0},"end":{"line":301,"column":null}},{"start":{"line":301,"column":0},"end":{"line":301,"column":null}}]},"9":{"loc":{"start":{"line":306,"column":0},"end":{"line":310,"column":null}},"type":"if","locations":[{"start":{"line":306,"column":0},"end":{"line":310,"column":null}},{"start":{"line":306,"column":0},"end":{"line":310,"column":null}}]},"10":{"loc":{"start":{"line":321,"column":0},"end":{"line":321,"column":null}},"type":"if","locations":[{"start":{"line":321,"column":0},"end":{"line":321,"column":null}},{"start":{"line":321,"column":0},"end":{"line":321,"column":null}}]},"11":{"loc":{"start":{"line":334,"column":0},"end":{"line":334,"column":null}},"type":"if","locations":[{"start":{"line":334,"column":0},"end":{"line":334,"column":null}},{"start":{"line":334,"column":0},"end":{"line":334,"column":null}}]},"12":{"loc":{"start":{"line":347,"column":0},"end":{"line":347,"column":null}},"type":"if","locations":[{"start":{"line":347,"column":0},"end":{"line":347,"column":null}},{"start":{"line":347,"column":0},"end":{"line":347,"column":null}}]},"13":{"loc":{"start":{"line":361,"column":0},"end":{"line":361,"column":null}},"type":"cond-expr","locations":[{"start":{"line":361,"column":0},"end":{"line":361,"column":null}},{"start":{"line":361,"column":0},"end":{"line":361,"column":null}}]},"14":{"loc":{"start":{"line":373,"column":0},"end":{"line":373,"column":null}},"type":"if","locations":[{"start":{"line":373,"column":0},"end":{"line":373,"column":null}},{"start":{"line":373,"column":0},"end":{"line":373,"column":null}}]},"15":{"loc":{"start":{"line":374,"column":0},"end":{"line":374,"column":null}},"type":"binary-expr","locations":[{"start":{"line":374,"column":0},"end":{"line":374,"column":null}},{"start":{"line":374,"column":0},"end":{"line":374,"column":null}}]},"16":{"loc":{"start":{"line":375,"column":0},"end":{"line":375,"column":null}},"type":"binary-expr","locations":[{"start":{"line":375,"column":0},"end":{"line":375,"column":null}},{"start":{"line":375,"column":0},"end":{"line":375,"column":null}}]},"17":{"loc":{"start":{"line":376,"column":0},"end":{"line":376,"column":null}},"type":"binary-expr","locations":[{"start":{"line":376,"column":0},"end":{"line":376,"column":null}},{"start":{"line":376,"column":0},"end":{"line":376,"column":null}}]},"18":{"loc":{"start":{"line":382,"column":0},"end":{"line":382,"column":null}},"type":"if","locations":[{"start":{"line":382,"column":0},"end":{"line":382,"column":null}},{"start":{"line":382,"column":0},"end":{"line":382,"column":null}}]},"19":{"loc":{"start":{"line":383,"column":0},"end":{"line":383,"column":null}},"type":"binary-expr","locations":[{"start":{"line":383,"column":0},"end":{"line":383,"column":null}},{"start":{"line":383,"column":0},"end":{"line":383,"column":null}}]},"20":{"loc":{"start":{"line":385,"column":0},"end":{"line":385,"column":null}},"type":"binary-expr","locations":[{"start":{"line":385,"column":0},"end":{"line":385,"column":null}},{"start":{"line":385,"column":0},"end":{"line":385,"column":null}}]},"21":{"loc":{"start":{"line":386,"column":0},"end":{"line":386,"column":null}},"type":"binary-expr","locations":[{"start":{"line":386,"column":0},"end":{"line":386,"column":null}},{"start":{"line":386,"column":0},"end":{"line":386,"column":null}}]},"22":{"loc":{"start":{"line":392,"column":0},"end":{"line":392,"column":null}},"type":"if","locations":[{"start":{"line":392,"column":0},"end":{"line":392,"column":null}},{"start":{"line":392,"column":0},"end":{"line":392,"column":null}}]},"23":{"loc":{"start":{"line":393,"column":0},"end":{"line":393,"column":null}},"type":"binary-expr","locations":[{"start":{"line":393,"column":0},"end":{"line":393,"column":null}},{"start":{"line":393,"column":0},"end":{"line":393,"column":null}}]},"24":{"loc":{"start":{"line":395,"column":0},"end":{"line":395,"column":null}},"type":"binary-expr","locations":[{"start":{"line":395,"column":0},"end":{"line":395,"column":null}},{"start":{"line":395,"column":0},"end":{"line":395,"column":null}}]},"25":{"loc":{"start":{"line":396,"column":0},"end":{"line":396,"column":null}},"type":"binary-expr","locations":[{"start":{"line":396,"column":0},"end":{"line":396,"column":null}},{"start":{"line":396,"column":0},"end":{"line":396,"column":null}}]},"26":{"loc":{"start":{"line":402,"column":0},"end":{"line":402,"column":null}},"type":"if","locations":[{"start":{"line":402,"column":0},"end":{"line":402,"column":null}},{"start":{"line":402,"column":0},"end":{"line":402,"column":null}}]},"27":{"loc":{"start":{"line":403,"column":0},"end":{"line":403,"column":null}},"type":"binary-expr","locations":[{"start":{"line":403,"column":0},"end":{"line":403,"column":null}},{"start":{"line":403,"column":0},"end":{"line":403,"column":null}}]},"28":{"loc":{"start":{"line":404,"column":0},"end":{"line":404,"column":null}},"type":"binary-expr","locations":[{"start":{"line":404,"column":0},"end":{"line":404,"column":null}},{"start":{"line":404,"column":0},"end":{"line":404,"column":null}}]},"29":{"loc":{"start":{"line":406,"column":0},"end":{"line":406,"column":null}},"type":"binary-expr","locations":[{"start":{"line":406,"column":0},"end":{"line":406,"column":null}},{"start":{"line":406,"column":0},"end":{"line":406,"column":null}}]},"30":{"loc":{"start":{"line":412,"column":0},"end":{"line":412,"column":null}},"type":"if","locations":[{"start":{"line":412,"column":0},"end":{"line":412,"column":null}},{"start":{"line":412,"column":0},"end":{"line":412,"column":null}}]},"31":{"loc":{"start":{"line":413,"column":0},"end":{"line":413,"column":null}},"type":"binary-expr","locations":[{"start":{"line":413,"column":0},"end":{"line":413,"column":null}},{"start":{"line":413,"column":0},"end":{"line":413,"column":null}}]},"32":{"loc":{"start":{"line":414,"column":0},"end":{"line":414,"column":null}},"type":"binary-expr","locations":[{"start":{"line":414,"column":0},"end":{"line":414,"column":null}},{"start":{"line":414,"column":0},"end":{"line":414,"column":null}}]},"33":{"loc":{"start":{"line":415,"column":0},"end":{"line":415,"column":null}},"type":"binary-expr","locations":[{"start":{"line":415,"column":0},"end":{"line":415,"column":null}},{"start":{"line":415,"column":0},"end":{"line":415,"column":null}}]},"34":{"loc":{"start":{"line":421,"column":0},"end":{"line":421,"column":null}},"type":"if","locations":[{"start":{"line":421,"column":0},"end":{"line":421,"column":null}},{"start":{"line":421,"column":0},"end":{"line":421,"column":null}}]},"35":{"loc":{"start":{"line":422,"column":0},"end":{"line":422,"column":null}},"type":"binary-expr","locations":[{"start":{"line":422,"column":0},"end":{"line":422,"column":null}},{"start":{"line":422,"column":0},"end":{"line":422,"column":null}}]},"36":{"loc":{"start":{"line":424,"column":0},"end":{"line":424,"column":null}},"type":"binary-expr","locations":[{"start":{"line":424,"column":0},"end":{"line":424,"column":null}},{"start":{"line":424,"column":0},"end":{"line":424,"column":null}}]},"37":{"loc":{"start":{"line":425,"column":0},"end":{"line":425,"column":null}},"type":"binary-expr","locations":[{"start":{"line":425,"column":0},"end":{"line":425,"column":null}},{"start":{"line":425,"column":0},"end":{"line":425,"column":null}}]}},"s":{"0":2,"1":2,"2":2,"3":2,"4":2,"5":2,"6":0,"7":0,"8":0,"9":0,"10":0,"11":0,"12":0,"13":0,"14":0,"15":0,"16":0,"17":0,"18":0,"19":0,"20":0,"21":0,"22":0,"23":0,"24":0,"25":0,"26":0,"27":0,"28":0,"29":0,"30":0,"31":0,"32":0,"33":0,"34":0,"35":0,"36":0,"37":0,"38":0,"39":0,"40":0,"41":0,"42":0,"43":0,"44":0,"45":0,"46":0,"47":0,"48":0,"49":0,"50":2,"51":4,"52":0,"53":0,"54":0,"55":0,"56":2,"57":4,"58":0,"59":0,"60":0,"61":0,"62":2,"63":4,"64":0,"65":0,"66":0,"67":0,"68":2,"69":4,"70":0,"71":0,"72":0,"73":0,"74":2,"75":4,"76":0,"77":0,"78":0,"79":0,"80":2,"81":4,"82":0,"83":0,"84":0,"85":0},"f":{"0":2,"1":0,"2":0,"3":0,"4":0,"5":0,"6":0,"7":0,"8":0,"9":0,"10":0,"11":0,"12":0,"13":0,"14":0,"15":0,"16":0,"17":0,"18":0,"19":0,"20":0,"21":0,"22":0,"23":0,"24":0,"25":0,"26":0,"27":0,"28":0,"29":2,"30":2,"31":2,"32":2,"33":2,"34":2},"b":{"0":[0,0],"1":[0,0],"2":[0,0],"3":[0,0],"4":[0,0],"5":[0,0],"6":[0,0],"7":[0,0],"8":[0,0,0],"9":[0,0],"10":[0,0],"11":[0,0],"12":[0,0],"13":[0,0],"14":[2,0],"15":[0,0],"16":[0,0],"17":[0,0],"18":[2,0],"19":[0,0],"20":[0,0],"21":[0,0],"22":[2,0],"23":[0,0],"24":[0,0],"25":[0,0],"26":[2,0],"27":[0,0],"28":[0,0],"29":[0,0],"30":[2,0],"31":[0,0],"32":[0,0],"33":[0,0],"34":[2,0],"35":[0,0],"36":[0,0],"37":[0,0]}}
,"/home/artur/code/cfp/codeforpoznan.pl_v3/frontend/src/components/Dashboard/Participants/ParticipantsSearch/ParticipantsSearch.vue": {"path":"/home/artur/code/cfp/codeforpoznan.pl_v3/frontend/src/components/Dashboard/Participants/ParticipantsSearch/ParticipantsSearch.vue","statementMap":{"0":{"start":{"line":25,"column":0},"end":{"line":25,"column":null}},"1":{"start":{"line":38,"column":0},"end":{"line":38,"column":null}},"2":{"start":{"line":40,"column":0},"end":{"line":40,"column":null}},"3":{"start":{"line":44,"column":0},"end":{"line":44,"column":null}},"4":{"start":{"line":47,"column":0},"end":{"line":47,"column":null}},"5":{"start":{"line":50,"column":0},"end":{"line":50,"column":null}},"6":{"start":{"line":56,"column":0},"end":{"line":56,"column":null}},"7":{"start":{"line":66,"column":0},"end":{"line":66,"column":null}},"8":{"start":{"line":68,"column":0},"end":{"line":68,"column":null}}},"fnMap":{"0":{"name":"(anonymous_1)","decl":{"start":{"line":37,"column":0},"end":{"line":37,"column":null}},"loc":{"start":{"line":37,"column":0},"end":{"line":41,"column":null}}},"1":{"name":"(anonymous_2)","decl":{"start":{"line":40,"column":0},"end":{"line":40,"column":null}},"loc":{"start":{"line":40,"column":0},"end":{"line":40,"column":null}}},"2":{"name":"(anonymous_3)","decl":{"start":{"line":43,"column":0},"end":{"line":43,"column":null}},"loc":{"start":{"line":43,"column":0},"end":{"line":45,"column":null}}},"3":{"name":"(anonymous_4)","decl":{"start":{"line":46,"column":0},"end":{"line":46,"column":null}},"loc":{"start":{"line":46,"column":0},"end":{"line":51,"column":null}}},"4":{"name":"(anonymous_5)","decl":{"start":{"line":55,"column":0},"end":{"line":55,"column":null}},"loc":{"start":{"line":55,"column":0},"end":{"line":64,"column":null}}},"5":{"name":"(anonymous_6)","decl":{"start":{"line":56,"column":0},"end":{"line":56,"column":null}},"loc":{"start":{"line":56,"column":0},"end":{"line":56,"column":null}}},"6":{"name":"(anonymous_7)","decl":{"start":{"line":65,"column":0},"end":{"line":65,"column":null}},"loc":{"start":{"line":65,"column":0},"end":{"line":69,"column":null}}}},"branchMap":{"0":{"loc":{"start":{"line":47,"column":0},"end":{"line":47,"column":null}},"type":"cond-expr","locations":[{"start":{"line":47,"column":0},"end":{"line":47,"column":null}},{"start":{"line":47,"column":0},"end":{"line":47,"column":null}}]},"1":{"loc":{"start":{"line":56,"column":0},"end":{"line":56,"column":null}},"type":"binary-expr","locations":[{"start":{"line":56,"column":0},"end":{"line":56,"column":null}},{"start":{"line":56,"column":0},"end":{"line":56,"column":null}}]}},"s":{"0":3,"1":1,"2":1,"3":1,"4":0,"5":0,"6":0,"7":0,"8":0},"f":{"0":1,"1":0,"2":1,"3":0,"4":0,"5":0,"6":0},"b":{"0":[0,0],"1":[0,0]}}
,"/home/artur/code/cfp/codeforpoznan.pl_v3/frontend/src/components/Dashboard/ParticipantsChart/ParticipantsChart.vue": {"path":"/home/artur/code/cfp/codeforpoznan.pl_v3/frontend/src/components/Dashboard/ParticipantsChart/ParticipantsChart.vue","statementMap":{"0":{"start":{"line":38,"column":0},"end":{"line":38,"column":null}},"1":{"start":{"line":39,"column":0},"end":{"line":39,"column":null}},"2":{"start":{"line":43,"column":0},"end":{"line":43,"column":null}},"3":{"start":{"line":50,"column":0},"end":{"line":50,"column":null}},"4":{"start":{"line":51,"column":0},"end":{"line":51,"column":null}},"5":{"start":{"line":56,"column":0},"end":{"line":59,"column":null}},"6":{"start":{"line":58,"column":0},"end":{"line":58,"column":null}},"7":{"start":{"line":63,"column":0},"end":{"line":63,"column":null}},"8":{"start":{"line":66,"column":0},"end":{"line":66,"column":null}},"9":{"start":{"line":71,"column":0},"end":{"line":71,"column":null}},"10":{"start":{"line":83,"column":0},"end":{"line":84,"column":null}}},"fnMap":{"0":{"name":"(anonymous_1)","decl":{"start":{"line":42,"column":0},"end":{"line":42,"column":null}},"loc":{"start":{"line":42,"column":0},"end":{"line":48,"column":null}}},"1":{"name":"(anonymous_2)","decl":{"start":{"line":49,"column":0},"end":{"line":49,"column":null}},"loc":{"start":{"line":49,"column":0},"end":{"line":52,"column":null}}},"2":{"name":"(anonymous_3)","decl":{"start":{"line":55,"column":0},"end":{"line":55,"column":null}},"loc":{"start":{"line":55,"column":0},"end":{"line":61,"column":null}}},"3":{"name":"(anonymous_4)","decl":{"start":{"line":56,"column":0},"end":{"line":56,"column":null}},"loc":{"start":{"line":57,"column":0},"end":{"line":59,"column":null}}},"4":{"name":"(anonymous_5)","decl":{"start":{"line":62,"column":0},"end":{"line":62,"column":null}},"loc":{"start":{"line":62,"column":0},"end":{"line":64,"column":null}}},"5":{"name":"(anonymous_6)","decl":{"start":{"line":63,"column":0},"end":{"line":63,"column":null}},"loc":{"start":{"line":63,"column":0},"end":{"line":63,"column":null}}},"6":{"name":"(anonymous_7)","decl":{"start":{"line":65,"column":0},"end":{"line":65,"column":null}},"loc":{"start":{"line":65,"column":0},"end":{"line":69,"column":null}}},"7":{"name":"(anonymous_8)","decl":{"start":{"line":66,"column":0},"end":{"line":66,"column":null}},"loc":{"start":{"line":66,"column":0},"end":{"line":66,"column":null}}},"8":{"name":"(anonymous_9)","decl":{"start":{"line":70,"column":0},"end":{"line":70,"column":null}},"loc":{"start":{"line":70,"column":0},"end":{"line":81,"column":null}}},"9":{"name":"(anonymous_10)","decl":{"start":{"line":82,"column":0},"end":{"line":82,"column":null}},"loc":{"start":{"line":82,"column":0},"end":{"line":89,"column":null}}}},"branchMap":{"0":{"loc":{"start":{"line":58,"column":0},"end":{"line":58,"column":null}},"type":"binary-expr","locations":[{"start":{"line":58,"column":0},"end":{"line":58,"column":null}},{"start":{"line":58,"column":0},"end":{"line":58,"column":null}}]}},"s":{"0":2,"1":2,"2":5,"3":5,"4":5,"5":5,"6":0,"7":5,"8":5,"9":5,"10":5},"f":{"0":5,"1":5,"2":5,"3":0,"4":5,"5":0,"6":5,"7":0,"8":5,"9":5},"b":{"0":[0,0]}}
,"/home/artur/code/cfp/codeforpoznan.pl_v3/frontend/src/components/HomePage/HomePage.vue": {"path":"/home/artur/code/cfp/codeforpoznan.pl_v3/frontend/src/components/HomePage/HomePage.vue","statementMap":{"0":{"start":{"line":36,"column":0},"end":{"line":36,"column":null}},"1":{"start":{"line":37,"column":0},"end":{"line":37,"column":null}},"2":{"start":{"line":38,"column":0},"end":{"line":38,"column":null}},"3":{"start":{"line":39,"column":0},"end":{"line":39,"column":null}},"4":{"start":{"line":40,"column":0},"end":{"line":40,"column":null}},"5":{"start":{"line":41,"column":0},"end":{"line":41,"column":null}},"6":{"start":{"line":42,"column":0},"end":{"line":42,"column":null}},"7":{"start":{"line":43,"column":0},"end":{"line":43,"column":null}},"8":{"start":{"line":56,"column":0},"end":{"line":56,"column":null}},"9":{"start":{"line":59,"column":0},"end":{"line":59,"column":null}}},"fnMap":{"0":{"name":"(anonymous_1)","decl":{"start":{"line":55,"column":0},"end":{"line":55,"column":null}},"loc":{"start":{"line":55,"column":0},"end":{"line":57,"column":null}}},"1":{"name":"(anonymous_2)","decl":{"start":{"line":58,"column":0},"end":{"line":58,"column":null}},"loc":{"start":{"line":58,"column":0},"end":{"line":60,"column":null}}}},"branchMap":{},"s":{"0":1,"1":1,"2":1,"3":1,"4":1,"5":1,"6":1,"7":1,"8":0,"9":0},"f":{"0":0,"1":0},"b":{}}
,"/home/artur/code/cfp/codeforpoznan.pl_v3/frontend/src/components/HomePage/ContactUs/ContactUs.vue": {"path":"/home/artur/code/cfp/codeforpoznan.pl_v3/frontend/src/components/HomePage/ContactUs/ContactUs.vue","statementMap":{"0":{"start":{"line":55,"column":0},"end":{"line":55,"column":null}},"1":{"start":{"line":64,"column":0},"end":{"line":64,"column":null}},"2":{"start":{"line":73,"column":0},"end":{"line":73,"column":null}},"3":{"start":{"line":80,"column":0},"end":{"line":89,"column":null}},"4":{"start":{"line":81,"column":0},"end":{"line":87,"column":null}},"5":{"start":{"line":83,"column":0},"end":{"line":83,"column":null}},"6":{"start":{"line":86,"column":0},"end":{"line":86,"column":null}},"7":{"start":{"line":92,"column":0},"end":{"line":92,"column":null}},"8":{"start":{"line":93,"column":0},"end":{"line":93,"column":null}},"9":{"start":{"line":94,"column":0},"end":{"line":94,"column":null}},"10":{"start":{"line":95,"column":0},"end":{"line":95,"column":null}},"11":{"start":{"line":96,"column":0},"end":{"line":96,"column":null}},"12":{"start":{"line":111,"column":0},"end":{"line":111,"column":null}},"13":{"start":{"line":113,"column":0},"end":{"line":113,"column":null}},"14":{"start":{"line":114,"column":0},"end":{"line":114,"column":null}},"15":{"start":{"line":115,"column":0},"end":{"line":115,"column":null}},"16":{"start":{"line":118,"column":0},"end":{"line":118,"column":null}},"17":{"start":{"line":120,"column":0},"end":{"line":120,"column":null}},"18":{"start":{"line":121,"column":0},"end":{"line":121,"column":null}},"19":{"start":{"line":122,"column":0},"end":{"line":122,"column":null}},"20":{"start":{"line":123,"column":0},"end":{"line":123,"column":null}},"21":{"start":{"line":126,"column":0},"end":{"line":126,"column":null}},"22":{"start":{"line":128,"column":0},"end":{"line":128,"column":null}},"23":{"start":{"line":130,"column":0},"end":{"line":130,"column":null}},"24":{"start":{"line":133,"column":0},"end":{"line":133,"column":null}},"25":{"start":{"line":135,"column":0},"end":{"line":135,"column":null}},"26":{"start":{"line":136,"column":0},"end":{"line":136,"column":null}},"27":{"start":{"line":138,"column":0},"end":{"line":138,"column":null}},"28":{"start":{"line":140,"column":0},"end":{"line":140,"column":null}}},"fnMap":{"0":{"name":"(anonymous_1)","decl":{"start":{"line":63,"column":0},"end":{"line":63,"column":null}},"loc":{"start":{"line":63,"column":0},"end":{"line":70,"column":null}}},"1":{"name":"(anonymous_2)","decl":{"start":{"line":72,"column":0},"end":{"line":72,"column":null}},"loc":{"start":{"line":72,"column":0},"end":{"line":90,"column":null}}},"2":{"name":"(anonymous_3)","decl":{"start":{"line":81,"column":0},"end":{"line":81,"column":null}},"loc":{"start":{"line":81,"column":0},"end":{"line":84,"column":null}}},"3":{"name":"(anonymous_4)","decl":{"start":{"line":84,"column":0},"end":{"line":84,"column":null}},"loc":{"start":{"line":84,"column":0},"end":{"line":87,"column":null}}},"4":{"name":"(anonymous_5)","decl":{"start":{"line":91,"column":0},"end":{"line":91,"column":null}},"loc":{"start":{"line":91,"column":0},"end":{"line":97,"column":null}}},"5":{"name":"(anonymous_6)","decl":{"start":{"line":110,"column":0},"end":{"line":110,"column":null}},"loc":{"start":{"line":110,"column":0},"end":{"line":116,"column":null}}},"6":{"name":"(anonymous_7)","decl":{"start":{"line":117,"column":0},"end":{"line":117,"column":null}},"loc":{"start":{"line":117,"column":0},"end":{"line":124,"column":null}}},"7":{"name":"(anonymous_8)","decl":{"start":{"line":125,"column":0},"end":{"line":125,"column":null}},"loc":{"start":{"line":125,"column":0},"end":{"line":131,"column":null}}},"8":{"name":"(anonymous_9)","decl":{"start":{"line":132,"column":0},"end":{"line":132,"column":null}},"loc":{"start":{"line":132,"column":0},"end":{"line":141,"column":null}}}},"branchMap":{"0":{"loc":{"start":{"line":80,"column":0},"end":{"line":89,"column":null}},"type":"if","locations":[{"start":{"line":80,"column":0},"end":{"line":89,"column":null}},{"start":{"line":80,"column":0},"end":{"line":89,"column":null}}]},"1":{"loc":{"start":{"line":83,"column":0},"end":{"line":83,"column":null}},"type":"if","locations":[{"start":{"line":83,"column":0},"end":{"line":83,"column":null}},{"start":{"line":83,"column":0},"end":{"line":83,"column":null}}]},"2":{"loc":{"start":{"line":113,"column":0},"end":{"line":113,"column":null}},"type":"if","locations":[{"start":{"line":113,"column":0},"end":{"line":113,"column":null}},{"start":{"line":113,"column":0},"end":{"line":113,"column":null}}]},"3":{"loc":{"start":{"line":114,"column":0},"end":{"line":114,"column":null}},"type":"binary-expr","locations":[{"start":{"line":114,"column":0},"end":{"line":114,"column":null}},{"start":{"line":114,"column":0},"end":{"line":114,"column":null}}]},"4":{"loc":{"start":{"line":120,"column":0},"end":{"line":120,"column":null}},"type":"if","locations":[{"start":{"line":120,"column":0},"end":{"line":120,"column":null}},{"start":{"line":120,"column":0},"end":{"line":120,"column":null}}]},"5":{"loc":{"start":{"line":121,"column":0},"end":{"line":121,"column":null}},"type":"binary-expr","locations":[{"start":{"line":121,"column":0},"end":{"line":121,"column":null}},{"start":{"line":121,"column":0},"end":{"line":121,"column":null}}]},"6":{"loc":{"start":{"line":122,"column":0},"end":{"line":122,"column":null}},"type":"binary-expr","locations":[{"start":{"line":122,"column":0},"end":{"line":122,"column":null}},{"start":{"line":122,"column":0},"end":{"line":122,"column":null}}]},"7":{"loc":{"start":{"line":128,"column":0},"end":{"line":128,"column":null}},"type":"binary-expr","locations":[{"start":{"line":128,"column":0},"end":{"line":128,"column":null}},{"start":{"line":128,"column":0},"end":{"line":128,"column":null}}]},"8":{"loc":{"start":{"line":135,"column":0},"end":{"line":135,"column":null}},"type":"if","locations":[{"start":{"line":135,"column":0},"end":{"line":135,"column":null}},{"start":{"line":135,"column":0},"end":{"line":135,"column":null}}]},"9":{"loc":{"start":{"line":136,"column":0},"end":{"line":136,"column":null}},"type":"binary-expr","locations":[{"start":{"line":136,"column":0},"end":{"line":136,"column":null}},{"start":{"line":136,"column":0},"end":{"line":136,"column":null}}]},"10":{"loc":{"start":{"line":138,"column":0},"end":{"line":138,"column":null}},"type":"binary-expr","locations":[{"start":{"line":138,"column":0},"end":{"line":138,"column":null}},{"start":{"line":138,"column":0},"end":{"line":138,"column":null}}]}},"s":{"0":2,"1":2,"2":0,"3":0,"4":0,"5":0,"6":0,"7":0,"8":0,"9":0,"10":0,"11":0,"12":2,"13":4,"14":0,"15":0,"16":2,"17":4,"18":0,"19":0,"20":0,"21":2,"22":2,"23":2,"24":2,"25":4,"26":0,"27":0,"28":0},"f":{"0":2,"1":0,"2":0,"3":0,"4":0,"5":2,"6":2,"7":2,"8":2},"b":{"0":[0,0],"1":[0,0],"2":[2,0],"3":[0,0],"4":[2,0],"5":[0,0],"6":[0,0],"7":[2,0],"8":[2,0],"9":[0,0],"10":[0,0]}}
,"/home/artur/code/cfp/codeforpoznan.pl_v3/frontend/src/components/HomePage/Header/Header.vue": {"path":"/home/artur/code/cfp/codeforpoznan.pl_v3/frontend/src/components/HomePage/Header/Header.vue","statementMap":{"0":{"start":{"line":66,"column":0},"end":{"line":66,"column":null}},"1":{"start":{"line":70,"column":0},"end":{"line":70,"column":null}},"2":{"start":{"line":87,"column":0},"end":{"line":93,"column":null}},"3":{"start":{"line":88,"column":0},"end":{"line":88,"column":null}},"4":{"start":{"line":92,"column":0},"end":{"line":92,"column":null}}},"fnMap":{"0":{"name":"(anonymous_1)","decl":{"start":{"line":69,"column":0},"end":{"line":69,"column":null}},"loc":{"start":{"line":69,"column":0},"end":{"line":81,"column":null}}},"1":{"name":"(anonymous_2)","decl":{"start":{"line":86,"column":0},"end":{"line":86,"column":null}},"loc":{"start":{"line":86,"column":0},"end":{"line":94,"column":null}}},"2":{"name":"(anonymous_3)","decl":{"start":{"line":88,"column":0},"end":{"line":88,"column":null}},"loc":{"start":{"line":88,"column":0},"end":{"line":88,"column":null}}}},"branchMap":{"0":{"loc":{"start":{"line":87,"column":0},"end":{"line":93,"column":null}},"type":"if","locations":[{"start":{"line":87,"column":0},"end":{"line":93,"column":null}},{"start":{"line":87,"column":0},"end":{"line":93,"column":null}}]}},"s":{"0":2,"1":2,"2":0,"3":0,"4":0},"f":{"0":2,"1":0,"2":0},"b":{"0":[0,0]}}
,"/home/artur/code/cfp/codeforpoznan.pl_v3/frontend/src/components/HomePage/OurProjects/OurProjects.vue": {"path":"/home/artur/code/cfp/codeforpoznan.pl_v3/frontend/src/components/HomePage/OurProjects/OurProjects.vue","statementMap":{"0":{"start":{"line":47,"column":0},"end":{"line":47,"column":null}},"1":{"start":{"line":48,"column":0},"end":{"line":48,"column":null}},"2":{"start":{"line":54,"column":0},"end":{"line":54,"column":null}},"3":{"start":{"line":63,"column":0},"end":{"line":63,"column":null}},"4":{"start":{"line":64,"column":0},"end":{"line":64,"column":null}},"5":{"start":{"line":68,"column":0},"end":{"line":70,"column":null}},"6":{"start":{"line":69,"column":0},"end":{"line":69,"column":null}}},"fnMap":{"0":{"name":"(anonymous_1)","decl":{"start":{"line":53,"column":0},"end":{"line":53,"column":null}},"loc":{"start":{"line":53,"column":0},"end":{"line":60,"column":null}}},"1":{"name":"(anonymous_2)","decl":{"start":{"line":62,"column":0},"end":{"line":62,"column":null}},"loc":{"start":{"line":62,"column":0},"end":{"line":65,"column":null}}},"2":{"name":"(anonymous_3)","decl":{"start":{"line":67,"column":0},"end":{"line":67,"column":null}},"loc":{"start":{"line":67,"column":0},"end":{"line":71,"column":null}}},"3":{"name":"(anonymous_4)","decl":{"start":{"line":68,"column":0},"end":{"line":68,"column":null}},"loc":{"start":{"line":68,"column":0},"end":{"line":70,"column":null}}}},"branchMap":{},"s":{"0":2,"1":2,"2":2,"3":0,"4":0,"5":2,"6":0},"f":{"0":2,"1":0,"2":2,"3":0},"b":{}}
,"/home/artur/code/cfp/codeforpoznan.pl_v3/frontend/src/components/HomePage/OurProjects/ModalContent/ModalContent.vue": {"path":"/home/artur/code/cfp/codeforpoznan.pl_v3/frontend/src/components/HomePage/OurProjects/ModalContent/ModalContent.vue","statementMap":{"0":{"start":{"line":89,"column":0},"end":{"line":89,"column":null}},"1":{"start":{"line":94,"column":0},"end":{"line":94,"column":null}},"2":{"start":{"line":97,"column":0},"end":{"line":97,"column":null}}},"fnMap":{"0":{"name":"(anonymous_1)","decl":{"start":{"line":88,"column":0},"end":{"line":88,"column":null}},"loc":{"start":{"line":88,"column":0},"end":{"line":90,"column":null}}},"1":{"name":"(anonymous_2)","decl":{"start":{"line":93,"column":0},"end":{"line":93,"column":null}},"loc":{"start":{"line":93,"column":0},"end":{"line":95,"column":null}}},"2":{"name":"(anonymous_3)","decl":{"start":{"line":96,"column":0},"end":{"line":96,"column":null}},"loc":{"start":{"line":96,"column":0},"end":{"line":98,"column":null}}}},"branchMap":{},"s":{"0":0,"1":1,"2":1},"f":{"0":0,"1":1,"2":1},"b":{}}
,"/home/artur/code/cfp/codeforpoznan.pl_v3/frontend/src/components/HomePage/SocialMedia/SocialMedia.vue": {"path":"/home/artur/code/cfp/codeforpoznan.pl_v3/frontend/src/components/HomePage/SocialMedia/SocialMedia.vue","statementMap":{"0":{"start":{"line":17,"column":0},"end":{"line":17,"column":null}}},"fnMap":{"0":{"name":"(anonymous_1)","decl":{"start":{"line":16,"column":0},"end":{"line":16,"column":null}},"loc":{"start":{"line":16,"column":0},"end":{"line":38,"column":null}}}},"branchMap":{},"s":{"0":12},"f":{"0":12},"b":{}}
,"/home/artur/code/cfp/codeforpoznan.pl_v3/frontend/src/components/Login/Login.vue": {"path":"/home/artur/code/cfp/codeforpoznan.pl_v3/frontend/src/components/Login/Login.vue","statementMap":{"0":{"start":{"line":56,"column":0},"end":{"line":56,"column":null}},"1":{"start":{"line":57,"column":0},"end":{"line":57,"column":null}},"2":{"start":{"line":61,"column":0},"end":{"line":61,"column":null}},"3":{"start":{"line":77,"column":0},"end":{"line":77,"column":null}},"4":{"start":{"line":82,"column":0},"end":{"line":91,"column":null}},"5":{"start":{"line":83,"column":0},"end":{"line":83,"column":null}},"6":{"start":{"line":84,"column":0},"end":{"line":90,"column":null}},"7":{"start":{"line":85,"column":0},"end":{"line":85,"column":null}},"8":{"start":{"line":86,"column":0},"end":{"line":86,"column":null}},"9":{"start":{"line":87,"column":0},"end":{"line":89,"column":null}},"10":{"start":{"line":88,"column":0},"end":{"line":88,"column":null}},"11":{"start":{"line":94,"column":0},"end":{"line":94,"column":null}},"12":{"start":{"line":95,"column":0},"end":{"line":95,"column":null}},"13":{"start":{"line":96,"column":0},"end":{"line":96,"column":null}},"14":{"start":{"line":102,"column":0},"end":{"line":102,"column":null}},"15":{"start":{"line":104,"column":0},"end":{"line":104,"column":null}},"16":{"start":{"line":105,"column":0},"end":{"line":105,"column":null}},"17":{"start":{"line":107,"column":0},"end":{"line":107,"column":null}},"18":{"start":{"line":109,"column":0},"end":{"line":109,"column":null}},"19":{"start":{"line":112,"column":0},"end":{"line":112,"column":null}},"20":{"start":{"line":114,"column":0},"end":{"line":114,"column":null}},"21":{"start":{"line":115,"column":0},"end":{"line":115,"column":null}},"22":{"start":{"line":116,"column":0},"end":{"line":116,"column":null}}},"fnMap":{"0":{"name":"(anonymous_1)","decl":{"start":{"line":60,"column":0},"end":{"line":60,"column":null}},"loc":{"start":{"line":60,"column":0},"end":{"line":68,"column":null}}},"1":{"name":"(anonymous_2)","decl":{"start":{"line":76,"column":0},"end":{"line":76,"column":null}},"loc":{"start":{"line":76,"column":0},"end":{"line":92,"column":null}}},"2":{"name":"(anonymous_3)","decl":{"start":{"line":84,"column":0},"end":{"line":84,"column":null}},"loc":{"start":{"line":84,"column":0},"end":{"line":90,"column":null}}},"3":{"name":"(anonymous_4)","decl":{"start":{"line":93,"column":0},"end":{"line":93,"column":null}},"loc":{"start":{"line":93,"column":0},"end":{"line":97,"column":null}}},"4":{"name":"(anonymous_5)","decl":{"start":{"line":101,"column":0},"end":{"line":101,"column":null}},"loc":{"start":{"line":101,"column":0},"end":{"line":110,"column":null}}},"5":{"name":"(anonymous_6)","decl":{"start":{"line":111,"column":0},"end":{"line":111,"column":null}},"loc":{"start":{"line":111,"column":0},"end":{"line":117,"column":null}}}},"branchMap":{"0":{"loc":{"start":{"line":82,"column":0},"end":{"line":91,"column":null}},"type":"if","locations":[{"start":{"line":82,"column":0},"end":{"line":91,"column":null}},{"start":{"line":82,"column":0},"end":{"line":91,"column":null}}]},"1":{"loc":{"start":{"line":87,"column":0},"end":{"line":89,"column":null}},"type":"if","locations":[{"start":{"line":87,"column":0},"end":{"line":89,"column":null}},{"start":{"line":87,"column":0},"end":{"line":89,"column":null}}]},"2":{"loc":{"start":{"line":104,"column":0},"end":{"line":104,"column":null}},"type":"if","locations":[{"start":{"line":104,"column":0},"end":{"line":104,"column":null}},{"start":{"line":104,"column":0},"end":{"line":104,"column":null}}]},"3":{"loc":{"start":{"line":105,"column":0},"end":{"line":105,"column":null}},"type":"binary-expr","locations":[{"start":{"line":105,"column":0},"end":{"line":105,"column":null}},{"start":{"line":105,"column":0},"end":{"line":105,"column":null}}]},"4":{"loc":{"start":{"line":107,"column":0},"end":{"line":107,"column":null}},"type":"binary-expr","locations":[{"start":{"line":107,"column":0},"end":{"line":107,"column":null}},{"start":{"line":107,"column":0},"end":{"line":107,"column":null}}]},"5":{"loc":{"start":{"line":114,"column":0},"end":{"line":114,"column":null}},"type":"if","locations":[{"start":{"line":114,"column":0},"end":{"line":114,"column":null}},{"start":{"line":114,"column":0},"end":{"line":114,"column":null}}]},"6":{"loc":{"start":{"line":115,"column":0},"end":{"line":115,"column":null}},"type":"binary-expr","locations":[{"start":{"line":115,"column":0},"end":{"line":115,"column":null}},{"start":{"line":115,"column":0},"end":{"line":115,"column":null}}]}},"s":{"0":1,"1":1,"2":1,"3":0,"4":0,"5":0,"6":0,"7":0,"8":0,"9":0,"10":0,"11":0,"12":0,"13":0,"14":1,"15":2,"16":0,"17":0,"18":0,"19":1,"20":2,"21":0,"22":0},"f":{"0":1,"1":0,"2":0,"3":0,"4":1,"5":1},"b":{"0":[0,0],"1":[0,0],"2":[1,0],"3":[0,0],"4":[0,0],"5":[1,0],"6":[0,0]}}
,"/home/artur/code/cfp/codeforpoznan.pl_v3/frontend/src/helpers/date.js": {"path":"/home/artur/code/cfp/codeforpoznan.pl_v3/frontend/src/helpers/date.js","statementMap":{"0":{"start":{"line":1,"column":29},"end":{"line":10,"column":1}},"1":{"start":{"line":2,"column":13},"end":{"line":2,"column":38}},"2":{"start":{"line":3,"column":13},"end":{"line":3,"column":33}},"3":{"start":{"line":5,"column":2},"end":{"line":9,"column":20}},"4":{"start":{"line":12,"column":33},"end":{"line":18,"column":1}},"5":{"start":{"line":13,"column":24},"end":{"line":13,"column":49}},"6":{"start":{"line":15,"column":2},"end":{"line":15,"column":56}},"7":{"start":{"line":17,"column":2},"end":{"line":17,"column":23}}},"fnMap":{"0":{"name":"(anonymous_0)","decl":{"start":{"line":1,"column":29},"end":{"line":1,"column":30}},"loc":{"start":{"line":1,"column":62},"end":{"line":10,"column":1}},"line":1},"1":{"name":"(anonymous_1)","decl":{"start":{"line":12,"column":33},"end":{"line":12,"column":34}},"loc":{"start":{"line":12,"column":52},"end":{"line":18,"column":1}},"line":12}},"branchMap":{"0":{"loc":{"start":{"line":1,"column":42},"end":{"line":1,"column":57}},"type":"default-arg","locations":[{"start":{"line":1,"column":54},"end":{"line":1,"column":57}}],"line":1},"1":{"loc":{"start":{"line":7,"column":5},"end":{"line":7,"column":22}},"type":"cond-expr","locations":[{"start":{"line":7,"column":14},"end":{"line":7,"column":16}},{"start":{"line":7,"column":19},"end":{"line":7,"column":22}}],"line":7},"2":{"loc":{"start":{"line":8,"column":5},"end":{"line":8,"column":22}},"type":"cond-expr","locations":[{"start":{"line":8,"column":14},"end":{"line":8,"column":16}},{"start":{"line":8,"column":19},"end":{"line":8,"column":22}}],"line":8}},"s":{"0":3,"1":14,"2":14,"3":14,"4":3,"5":6,"6":6,"7":6},"f":{"0":14,"1":6},"b":{"0":[13],"1":[2,12],"2":[14,0]},"_coverageSchema":"43e27e138ebf9cfc5966b082cf9a028302ed4184","hash":"17554b59cc199eb83d8ab3262eab627284fa2aaf"}
,"/home/artur/code/cfp/codeforpoznan.pl_v3/frontend/src/helpers/validation.js": {"path":"/home/artur/code/cfp/codeforpoznan.pl_v3/frontend/src/helpers/validation.js","statementMap":{"0":{"start":{"line":3,"column":34},"end":{"line":6,"column":1}},"1":{"start":{"line":8,"column":39},"end":{"line":11,"column":1}}},"fnMap":{},"branchMap":{},"s":{"0":2,"1":2},"f":{},"b":{},"_coverageSchema":"43e27e138ebf9cfc5966b082cf9a028302ed4184","hash":"f82a0dbb4a4cea2357903672ec06ce6fd54a0a40"}
,"/home/artur/code/cfp/codeforpoznan.pl_v3/frontend/src/plugins/vuetify.js": {"path":"/home/artur/code/cfp/codeforpoznan.pl_v3/frontend/src/plugins/vuetify.js","statementMap":{"0":{"start":{"line":5,"column":0},"end":{"line":5,"column":17}}},"fnMap":{},"branchMap":{},"s":{"0":0},"f":{},"b":{},"hash":"de8171397a25b5448500e13c8111a5ca0635594b"}
,"/home/artur/code/cfp/codeforpoznan.pl_v3/frontend/src/store/index.js": {"path":"/home/artur/code/cfp/codeforpoznan.pl_v3/frontend/src/store/index.js","statementMap":{"0":{"start":{"line":8,"column":0},"end":{"line":8,"column":14}},"1":{"start":{"line":10,"column":14},"end":{"line":22,"column":2}}},"fnMap":{},"branchMap":{},"s":{"0":0,"1":0},"f":{},"b":{},"hash":"07093ff62f2c94298a277f530726ada8da020eb9"}
,"/home/artur/code/cfp/codeforpoznan.pl_v3/frontend/src/store/modules/auth.js": {"path":"/home/artur/code/cfp/codeforpoznan.pl_v3/frontend/src/store/modules/auth.js","statementMap":{"0":{"start":{"line":13,"column":25},"end":{"line":13,"column":38}},"1":{"start":{"line":15,"column":6},"end":{"line":15,"column":25}},"2":{"start":{"line":20,"column":6},"end":{"line":20,"column":30}},"3":{"start":{"line":23,"column":6},"end":{"line":23,"column":26}},"4":{"start":{"line":28,"column":6},"end":{"line":28,"column":60}},"5":{"start":{"line":30,"column":6},"end":{"line":47,"column":7}},"6":{"start":{"line":31,"column":18},"end":{"line":34,"column":10}},"7":{"start":{"line":35,"column":22},"end":{"line":35,"column":43}},"8":{"start":{"line":36,"column":30},"end":{"line":36,"column":52}},"9":{"start":{"line":38,"column":8},"end":{"line":38,"column":45}},"10":{"start":{"line":39,"column":8},"end":{"line":39,"column":61}},"11":{"start":{"line":40,"column":8},"end":{"line":40,"column":75}},"12":{"start":{"line":41,"column":8},"end":{"line":41,"column":34}},"13":{"start":{"line":42,"column":8},"end":{"line":42,"column":34}},"14":{"start":{"line":43,"column":8},"end":{"line":43,"column":26}},"15":{"start":{"line":45,"column":8},"end":{"line":45,"column":41}},"16":{"start":{"line":46,"column":8},"end":{"line":46,"column":36}},"17":{"start":{"line":50,"column":6},"end":{"line":50,"column":60}},"18":{"start":{"line":51,"column":6},"end":{"line":62,"column":11}},"19":{"start":{"line":54,"column":10},"end":{"line":54,"column":43}},"20":{"start":{"line":57,"column":10},"end":{"line":57,"column":43}},"21":{"start":{"line":60,"column":10},"end":{"line":60,"column":64}},"22":{"start":{"line":61,"column":10},"end":{"line":61,"column":29}},"23":{"start":{"line":65,"column":28},"end":{"line":65,"column":65}},"24":{"start":{"line":67,"column":6},"end":{"line":76,"column":11}},"25":{"start":{"line":72,"column":10},"end":{"line":72,"column":51}},"26":{"start":{"line":75,"column":10},"end":{"line":75,"column":51}},"27":{"start":{"line":79,"column":28},"end":{"line":79,"column":65}},"28":{"start":{"line":81,"column":6},"end":{"line":98,"column":11}},"29":{"start":{"line":88,"column":24},"end":{"line":88,"column":45}},"30":{"start":{"line":90,"column":10},"end":{"line":90,"column":47}},"31":{"start":{"line":91,"column":10},"end":{"line":91,"column":77}},"32":{"start":{"line":92,"column":10},"end":{"line":92,"column":21}},"33":{"start":{"line":95,"column":10},"end":{"line":95,"column":43}},"34":{"start":{"line":96,"column":10},"end":{"line":96,"column":51}},"35":{"start":{"line":97,"column":10},"end":{"line":97,"column":22}}},"fnMap":{"0":{"name":"(anonymous_0)","decl":{"start":{"line":13,"column":16},"end":{"line":13,"column":17}},"loc":{"start":{"line":13,"column":25},"end":{"line":13,"column":38}},"line":13},"1":{"name":"(anonymous_1)","decl":{"start":{"line":14,"column":4},"end":{"line":14,"column":5}},"loc":{"start":{"line":14,"column":20},"end":{"line":16,"column":5}},"line":14},"2":{"name":"(anonymous_2)","decl":{"start":{"line":19,"column":4},"end":{"line":19,"column":5}},"loc":{"start":{"line":19,"column":33},"end":{"line":21,"column":5}},"line":19},"3":{"name":"(anonymous_3)","decl":{"start":{"line":22,"column":4},"end":{"line":22,"column":5}},"loc":{"start":{"line":22,"column":27},"end":{"line":24,"column":5}},"line":22},"4":{"name":"(anonymous_4)","decl":{"start":{"line":27,"column":4},"end":{"line":27,"column":5}},"loc":{"start":{"line":27,"column":39},"end":{"line":48,"column":5}},"line":27},"5":{"name":"(anonymous_5)","decl":{"start":{"line":49,"column":4},"end":{"line":49,"column":5}},"loc":{"start":{"line":49,"column":25},"end":{"line":63,"column":5}},"line":49},"6":{"name":"(anonymous_6)","decl":{"start":{"line":53,"column":14},"end":{"line":53,"column":15}},"loc":{"start":{"line":53,"column":20},"end":{"line":55,"column":9}},"line":53},"7":{"name":"(anonymous_7)","decl":{"start":{"line":56,"column":15},"end":{"line":56,"column":16}},"loc":{"start":{"line":56,"column":21},"end":{"line":58,"column":9}},"line":56},"8":{"name":"(anonymous_8)","decl":{"start":{"line":59,"column":17},"end":{"line":59,"column":18}},"loc":{"start":{"line":59,"column":23},"end":{"line":62,"column":9}},"line":59},"9":{"name":"(anonymous_9)","decl":{"start":{"line":64,"column":4},"end":{"line":64,"column":5}},"loc":{"start":{"line":64,"column":13},"end":{"line":77,"column":5}},"line":64},"10":{"name":"(anonymous_10)","decl":{"start":{"line":71,"column":14},"end":{"line":71,"column":15}},"loc":{"start":{"line":71,"column":20},"end":{"line":73,"column":9}},"line":71},"11":{"name":"(anonymous_11)","decl":{"start":{"line":74,"column":15},"end":{"line":74,"column":16}},"loc":{"start":{"line":74,"column":21},"end":{"line":76,"column":9}},"line":74},"12":{"name":"(anonymous_12)","decl":{"start":{"line":78,"column":4},"end":{"line":78,"column":5}},"loc":{"start":{"line":78,"column":14},"end":{"line":99,"column":5}},"line":78},"13":{"name":"(anonymous_13)","decl":{"start":{"line":87,"column":14},"end":{"line":87,"column":15}},"loc":{"start":{"line":87,"column":21},"end":{"line":93,"column":9}},"line":87},"14":{"name":"(anonymous_14)","decl":{"start":{"line":94,"column":15},"end":{"line":94,"column":16}},"loc":{"start":{"line":94,"column":24},"end":{"line":98,"column":9}},"line":94}},"branchMap":{"0":{"loc":{"start":{"line":9,"column":11},"end":{"line":9,"column":46}},"type":"binary-expr","locations":[{"start":{"line":9,"column":11},"end":{"line":9,"column":40}},{"start":{"line":9,"column":44},"end":{"line":9,"column":46}}],"line":9}},"s":{"0":0,"1":0,"2":0,"3":0,"4":0,"5":0,"6":0,"7":0,"8":0,"9":0,"10":0,"11":0,"12":0,"13":0,"14":0,"15":0,"16":0,"17":0,"18":0,"19":0,"20":0,"21":0,"22":0,"23":0,"24":0,"25":0,"26":0,"27":0,"28":0,"29":0,"30":0,"31":0,"32":0,"33":0,"34":0,"35":0},"f":{"0":0,"1":0,"2":0,"3":0,"4":0,"5":0,"6":0,"7":0,"8":0,"9":0,"10":0,"11":0,"12":0,"13":0,"14":0},"b":{"0":[0,0]},"hash":"30e036ab05b1ad7795b075e032985c5158b85322"}
,"/home/artur/code/cfp/codeforpoznan.pl_v3/frontend/src/store/modules/contact.js": {"path":"/home/artur/code/cfp/codeforpoznan.pl_v3/frontend/src/store/modules/contact.js","statementMap":{"0":{"start":{"line":11,"column":6},"end":{"line":11,"column":30}},"1":{"start":{"line":14,"column":6},"end":{"line":14,"column":28}},"2":{"start":{"line":19,"column":6},"end":{"line":19,"column":30}},"3":{"start":{"line":20,"column":6},"end":{"line":20,"column":57}},"4":{"start":{"line":20,"column":24},"end":{"line":20,"column":48}},"5":{"start":{"line":23,"column":6},"end":{"line":23,"column":31}},"6":{"start":{"line":26,"column":6},"end":{"line":26,"column":28}},"7":{"start":{"line":27,"column":6},"end":{"line":27,"column":55}},"8":{"start":{"line":27,"column":24},"end":{"line":27,"column":46}},"9":{"start":{"line":30,"column":6},"end":{"line":30,"column":29}},"10":{"start":{"line":35,"column":6},"end":{"line":52,"column":9}},"11":{"start":{"line":36,"column":8},"end":{"line":51,"column":12}},"12":{"start":{"line":45,"column":14},"end":{"line":45,"column":63}},"13":{"start":{"line":45,"column":42},"end":{"line":45,"column":63}},"14":{"start":{"line":46,"column":14},"end":{"line":46,"column":32}},"15":{"start":{"line":49,"column":14},"end":{"line":49,"column":28}},"16":{"start":{"line":55,"column":6},"end":{"line":55,"column":29}},"17":{"start":{"line":58,"column":6},"end":{"line":58,"column":27}}},"fnMap":{"0":{"name":"(anonymous_0)","decl":{"start":{"line":10,"column":22},"end":{"line":10,"column":23}},"loc":{"start":{"line":10,"column":31},"end":{"line":12,"column":5}},"line":10},"1":{"name":"(anonymous_1)","decl":{"start":{"line":13,"column":20},"end":{"line":13,"column":21}},"loc":{"start":{"line":13,"column":29},"end":{"line":15,"column":5}},"line":13},"2":{"name":"(anonymous_2)","decl":{"start":{"line":18,"column":4},"end":{"line":18,"column":5}},"loc":{"start":{"line":18,"column":22},"end":{"line":21,"column":5}},"line":18},"3":{"name":"(anonymous_3)","decl":{"start":{"line":20,"column":17},"end":{"line":20,"column":18}},"loc":{"start":{"line":20,"column":24},"end":{"line":20,"column":48}},"line":20},"4":{"name":"(anonymous_4)","decl":{"start":{"line":22,"column":4},"end":{"line":22,"column":5}},"loc":{"start":{"line":22,"column":24},"end":{"line":24,"column":5}},"line":22},"5":{"name":"(anonymous_5)","decl":{"start":{"line":25,"column":4},"end":{"line":25,"column":5}},"loc":{"start":{"line":25,"column":25},"end":{"line":28,"column":5}},"line":25},"6":{"name":"(anonymous_6)","decl":{"start":{"line":27,"column":17},"end":{"line":27,"column":18}},"loc":{"start":{"line":27,"column":24},"end":{"line":27,"column":46}},"line":27},"7":{"name":"(anonymous_7)","decl":{"start":{"line":29,"column":4},"end":{"line":29,"column":5}},"loc":{"start":{"line":29,"column":22},"end":{"line":31,"column":5}},"line":29},"8":{"name":"(anonymous_8)","decl":{"start":{"line":34,"column":4},"end":{"line":34,"column":5}},"loc":{"start":{"line":34,"column":41},"end":{"line":53,"column":5}},"line":34},"9":{"name":"(anonymous_9)","decl":{"start":{"line":35,"column":25},"end":{"line":35,"column":26}},"loc":{"start":{"line":35,"column":46},"end":{"line":52,"column":7}},"line":35},"10":{"name":"(anonymous_10)","decl":{"start":{"line":44,"column":12},"end":{"line":44,"column":13}},"loc":{"start":{"line":44,"column":24},"end":{"line":47,"column":13}},"line":44},"11":{"name":"(anonymous_11)","decl":{"start":{"line":48,"column":12},"end":{"line":48,"column":13}},"loc":{"start":{"line":48,"column":21},"end":{"line":50,"column":13}},"line":48},"12":{"name":"(anonymous_12)","decl":{"start":{"line":54,"column":4},"end":{"line":54,"column":5}},"loc":{"start":{"line":54,"column":32},"end":{"line":56,"column":5}},"line":54},"13":{"name":"(anonymous_13)","decl":{"start":{"line":57,"column":4},"end":{"line":57,"column":5}},"loc":{"start":{"line":57,"column":33},"end":{"line":59,"column":5}},"line":57}},"branchMap":{"0":{"loc":{"start":{"line":45,"column":14},"end":{"line":45,"column":63}},"type":"if","locations":[{"start":{"line":45,"column":14},"end":{"line":45,"column":63}},{"start":{"line":45,"column":14},"end":{"line":45,"column":63}}],"line":45}},"s":{"0":0,"1":0,"2":0,"3":0,"4":0,"5":0,"6":0,"7":0,"8":0,"9":0,"10":0,"11":0,"12":0,"13":0,"14":0,"15":0,"16":0,"17":0},"f":{"0":0,"1":0,"2":0,"3":0,"4":0,"5":0,"6":0,"7":0,"8":0,"9":0,"10":0,"11":0,"12":0,"13":0},"b":{"0":[0,0]},"hash":"1dee138f3321754cacde4ac8a32f9789b0872cb4"}
,"/home/artur/code/cfp/codeforpoznan.pl_v3/frontend/src/store/modules/hacknight.js": {"path":"/home/artur/code/cfp/codeforpoznan.pl_v3/frontend/src/store/modules/hacknight.js","statementMap":{"0":{"start":{"line":12,"column":6},"end":{"line":12,"column":33}},"1":{"start":{"line":15,"column":6},"end":{"line":15,"column":29}},"2":{"start":{"line":18,"column":6},"end":{"line":18,"column":25}},"3":{"start":{"line":23,"column":6},"end":{"line":23,"column":30}},"4":{"start":{"line":26,"column":6},"end":{"line":26,"column":39}},"5":{"start":{"line":29,"column":6},"end":{"line":29,"column":34}},"6":{"start":{"line":34,"column":6},"end":{"line":46,"column":11}},"7":{"start":{"line":39,"column":10},"end":{"line":39,"column":43}},"8":{"start":{"line":40,"column":10},"end":{"line":40,"column":36}},"9":{"start":{"line":43,"column":26},"end":{"line":43,"column":53}},"10":{"start":{"line":45,"column":10},"end":{"line":45,"column":40}},"11":{"start":{"line":49,"column":6},"end":{"line":56,"column":11}},"12":{"start":{"line":52,"column":10},"end":{"line":52,"column":54}},"13":{"start":{"line":55,"column":10},"end":{"line":55,"column":38}},"14":{"start":{"line":59,"column":6},"end":{"line":66,"column":11}},"15":{"start":{"line":62,"column":10},"end":{"line":62,"column":44}},"16":{"start":{"line":65,"column":10},"end":{"line":65,"column":38}},"17":{"start":{"line":69,"column":6},"end":{"line":78,"column":11}},"18":{"start":{"line":74,"column":10},"end":{"line":74,"column":43}},"19":{"start":{"line":77,"column":10},"end":{"line":77,"column":38}},"20":{"start":{"line":81,"column":6},"end":{"line":92,"column":11}},"21":{"start":{"line":88,"column":10},"end":{"line":88,"column":43}},"22":{"start":{"line":91,"column":10},"end":{"line":91,"column":38}}},"fnMap":{"0":{"name":"(anonymous_0)","decl":{"start":{"line":11,"column":4},"end":{"line":11,"column":5}},"loc":{"start":{"line":11,"column":25},"end":{"line":13,"column":5}},"line":11},"1":{"name":"(anonymous_1)","decl":{"start":{"line":14,"column":4},"end":{"line":14,"column":5}},"loc":{"start":{"line":14,"column":24},"end":{"line":16,"column":5}},"line":14},"2":{"name":"(anonymous_2)","decl":{"start":{"line":17,"column":4},"end":{"line":17,"column":5}},"loc":{"start":{"line":17,"column":20},"end":{"line":19,"column":5}},"line":17},"3":{"name":"(anonymous_3)","decl":{"start":{"line":22,"column":4},"end":{"line":22,"column":5}},"loc":{"start":{"line":22,"column":33},"end":{"line":24,"column":5}},"line":22},"4":{"name":"(anonymous_4)","decl":{"start":{"line":25,"column":4},"end":{"line":25,"column":5}},"loc":{"start":{"line":25,"column":37},"end":{"line":27,"column":5}},"line":25},"5":{"name":"(anonymous_5)","decl":{"start":{"line":28,"column":4},"end":{"line":28,"column":5}},"loc":{"start":{"line":28,"column":35},"end":{"line":30,"column":5}},"line":28},"6":{"name":"(anonymous_6)","decl":{"start":{"line":33,"column":4},"end":{"line":33,"column":5}},"loc":{"start":{"line":33,"column":48},"end":{"line":47,"column":5}},"line":33},"7":{"name":"(anonymous_7)","decl":{"start":{"line":38,"column":14},"end":{"line":38,"column":15}},"loc":{"start":{"line":38,"column":21},"end":{"line":41,"column":9}},"line":38},"8":{"name":"(anonymous_8)","decl":{"start":{"line":42,"column":15},"end":{"line":42,"column":16}},"loc":{"start":{"line":42,"column":24},"end":{"line":46,"column":9}},"line":42},"9":{"name":"(anonymous_9)","decl":{"start":{"line":48,"column":4},"end":{"line":48,"column":5}},"loc":{"start":{"line":48,"column":43},"end":{"line":57,"column":5}},"line":48},"10":{"name":"(anonymous_10)","decl":{"start":{"line":51,"column":14},"end":{"line":51,"column":15}},"loc":{"start":{"line":51,"column":21},"end":{"line":53,"column":9}},"line":51},"11":{"name":"(anonymous_11)","decl":{"start":{"line":54,"column":15},"end":{"line":54,"column":16}},"loc":{"start":{"line":54,"column":24},"end":{"line":56,"column":9}},"line":54},"12":{"name":"(anonymous_12)","decl":{"start":{"line":58,"column":4},"end":{"line":58,"column":5}},"loc":{"start":{"line":58,"column":30},"end":{"line":67,"column":5}},"line":58},"13":{"name":"(anonymous_13)","decl":{"start":{"line":61,"column":14},"end":{"line":61,"column":15}},"loc":{"start":{"line":61,"column":21},"end":{"line":63,"column":9}},"line":61},"14":{"name":"(anonymous_14)","decl":{"start":{"line":64,"column":15},"end":{"line":64,"column":16}},"loc":{"start":{"line":64,"column":24},"end":{"line":66,"column":9}},"line":64},"15":{"name":"(anonymous_15)","decl":{"start":{"line":68,"column":4},"end":{"line":68,"column":5}},"loc":{"start":{"line":68,"column":59},"end":{"line":79,"column":5}},"line":68},"16":{"name":"(anonymous_16)","decl":{"start":{"line":73,"column":14},"end":{"line":73,"column":15}},"loc":{"start":{"line":73,"column":21},"end":{"line":75,"column":9}},"line":73},"17":{"name":"(anonymous_17)","decl":{"start":{"line":76,"column":15},"end":{"line":76,"column":16}},"loc":{"start":{"line":76,"column":24},"end":{"line":78,"column":9}},"line":76},"18":{"name":"(anonymous_18)","decl":{"start":{"line":80,"column":4},"end":{"line":80,"column":5}},"loc":{"start":{"line":80,"column":62},"end":{"line":93,"column":5}},"line":80},"19":{"name":"(anonymous_19)","decl":{"start":{"line":87,"column":14},"end":{"line":87,"column":15}},"loc":{"start":{"line":87,"column":21},"end":{"line":89,"column":9}},"line":87},"20":{"name":"(anonymous_20)","decl":{"start":{"line":90,"column":15},"end":{"line":90,"column":16}},"loc":{"start":{"line":90,"column":24},"end":{"line":92,"column":9}},"line":90}},"branchMap":{},"s":{"0":0,"1":0,"2":0,"3":0,"4":0,"5":0,"6":0,"7":0,"8":0,"9":0,"10":0,"11":0,"12":0,"13":0,"14":0,"15":0,"16":0,"17":0,"18":0,"19":0,"20":0,"21":0,"22":0},"f":{"0":0,"1":0,"2":0,"3":0,"4":0,"5":0,"6":0,"7":0,"8":0,"9":0,"10":0,"11":0,"12":0,"13":0,"14":0,"15":0,"16":0,"17":0,"18":0,"19":0,"20":0},"b":{},"hash":"6fb657f2a40a000e7a61d157646d96ec97d5a596"}
,"/home/artur/code/cfp/codeforpoznan.pl_v3/frontend/src/store/modules/participant.js": {"path":"/home/artur/code/cfp/codeforpoznan.pl_v3/frontend/src/store/modules/participant.js","statementMap":{"0":{"start":{"line":12,"column":6},"end":{"line":12,"column":35}},"1":{"start":{"line":15,"column":6},"end":{"line":15,"column":25}},"2":{"start":{"line":18,"column":6},"end":{"line":18,"column":31}},"3":{"start":{"line":23,"column":6},"end":{"line":23,"column":30}},"4":{"start":{"line":26,"column":6},"end":{"line":26,"column":43}},"5":{"start":{"line":29,"column":6},"end":{"line":29,"column":38}},"6":{"start":{"line":34,"column":6},"end":{"line":41,"column":11}},"7":{"start":{"line":37,"column":10},"end":{"line":37,"column":46}},"8":{"start":{"line":40,"column":10},"end":{"line":40,"column":38}},"9":{"start":{"line":44,"column":6},"end":{"line":53,"column":11}},"10":{"start":{"line":47,"column":10},"end":{"line":47,"column":45}},"11":{"start":{"line":48,"column":10},"end":{"line":48,"column":38}},"12":{"start":{"line":49,"column":10},"end":{"line":49,"column":28}},"13":{"start":{"line":52,"column":10},"end":{"line":52,"column":38}},"14":{"start":{"line":56,"column":6},"end":{"line":62,"column":7}},"15":{"start":{"line":57,"column":20},"end":{"line":57,"column":74}},"16":{"start":{"line":59,"column":8},"end":{"line":59,"column":43}},"17":{"start":{"line":61,"column":8},"end":{"line":61,"column":36}},"18":{"start":{"line":65,"column":6},"end":{"line":76,"column":7}},"19":{"start":{"line":66,"column":20},"end":{"line":69,"column":9}},"20":{"start":{"line":71,"column":8},"end":{"line":71,"column":43}},"21":{"start":{"line":72,"column":8},"end":{"line":72,"column":36}},"22":{"start":{"line":73,"column":8},"end":{"line":73,"column":26}},"23":{"start":{"line":75,"column":8},"end":{"line":75,"column":36}}},"fnMap":{"0":{"name":"(anonymous_0)","decl":{"start":{"line":11,"column":4},"end":{"line":11,"column":5}},"loc":{"start":{"line":11,"column":27},"end":{"line":13,"column":5}},"line":11},"1":{"name":"(anonymous_1)","decl":{"start":{"line":14,"column":4},"end":{"line":14,"column":5}},"loc":{"start":{"line":14,"column":20},"end":{"line":16,"column":5}},"line":14},"2":{"name":"(anonymous_2)","decl":{"start":{"line":17,"column":4},"end":{"line":17,"column":5}},"loc":{"start":{"line":17,"column":26},"end":{"line":19,"column":5}},"line":17},"3":{"name":"(anonymous_3)","decl":{"start":{"line":22,"column":4},"end":{"line":22,"column":5}},"loc":{"start":{"line":22,"column":33},"end":{"line":24,"column":5}},"line":22},"4":{"name":"(anonymous_4)","decl":{"start":{"line":25,"column":4},"end":{"line":25,"column":5}},"loc":{"start":{"line":25,"column":41},"end":{"line":27,"column":5}},"line":25},"5":{"name":"(anonymous_5)","decl":{"start":{"line":28,"column":4},"end":{"line":28,"column":5}},"loc":{"start":{"line":28,"column":39},"end":{"line":30,"column":5}},"line":28},"6":{"name":"(anonymous_6)","decl":{"start":{"line":33,"column":4},"end":{"line":33,"column":5}},"loc":{"start":{"line":33,"column":32},"end":{"line":42,"column":5}},"line":33},"7":{"name":"(anonymous_7)","decl":{"start":{"line":36,"column":14},"end":{"line":36,"column":15}},"loc":{"start":{"line":36,"column":21},"end":{"line":38,"column":9}},"line":36},"8":{"name":"(anonymous_8)","decl":{"start":{"line":39,"column":15},"end":{"line":39,"column":16}},"loc":{"start":{"line":39,"column":24},"end":{"line":41,"column":9}},"line":39},"9":{"name":"(anonymous_9)","decl":{"start":{"line":43,"column":4},"end":{"line":43,"column":5}},"loc":{"start":{"line":43,"column":64},"end":{"line":54,"column":5}},"line":43},"10":{"name":"(anonymous_10)","decl":{"start":{"line":46,"column":14},"end":{"line":46,"column":15}},"loc":{"start":{"line":46,"column":21},"end":{"line":50,"column":9}},"line":46},"11":{"name":"(anonymous_11)","decl":{"start":{"line":51,"column":15},"end":{"line":51,"column":16}},"loc":{"start":{"line":51,"column":24},"end":{"line":53,"column":9}},"line":51},"12":{"name":"(anonymous_12)","decl":{"start":{"line":55,"column":4},"end":{"line":55,"column":5}},"loc":{"start":{"line":55,"column":52},"end":{"line":63,"column":5}},"line":55},"13":{"name":"(anonymous_13)","decl":{"start":{"line":64,"column":4},"end":{"line":64,"column":5}},"loc":{"start":{"line":64,"column":77},"end":{"line":77,"column":5}},"line":64}},"branchMap":{},"s":{"0":0,"1":0,"2":0,"3":0,"4":0,"5":0,"6":0,"7":0,"8":0,"9":0,"10":0,"11":0,"12":0,"13":0,"14":0,"15":0,"16":0,"17":0,"18":0,"19":0,"20":0,"21":0,"22":0,"23":0},"f":{"0":0,"1":0,"2":0,"3":0,"4":0,"5":0,"6":0,"7":0,"8":0,"9":0,"10":0,"11":0,"12":0,"13":0},"b":{},"hash":"bb44965c69ef9200863759c8e3d9f5446eb86eb6"}
}
