TN:
SF:/home/artur/code/cfp/codeforpoznan.pl_v3/frontend/src/main.js
FN:26,(anonymous_0)
FN:27,(anonymous_1)
FN:35,(anonymous_2)
FN:39,(anonymous_3)
FN:55,(anonymous_4)
FNF:5
FNH:0
FNDA:0,(anonymous_0)
FNDA:0,(anonymous_1)
FNDA:0,(anonymous_2)
FNDA:0,(anonymous_3)
FNDA:0,(anonymous_4)
DA:12,0
DA:13,0
DA:15,0
DA:17,0
DA:18,0
DA:19,0
DA:21,0
DA:22,0
DA:25,0
DA:26,0
DA:28,0
DA:33,0
DA:36,0
DA:37,0
DA:40,0
DA:41,0
DA:42,0
DA:43,0
DA:46,0
DA:51,0
DA:55,0
LF:21
LH:0
BRDA:18,0,0,0
BRDA:18,0,1,0
BRDA:21,1,0,0
BRDA:21,1,1,0
BRDA:28,2,0,0
BRDA:28,2,1,0
BRDA:29,3,0,0
BRDA:29,3,1,0
BRDA:29,3,2,0
BRF:9
BRH:0
end_of_record
TN:
SF:/home/artur/code/cfp/codeforpoznan.pl_v3/frontend/src/router.js
FN:17,(anonymous_0)
FNF:1
FNH:0
FNDA:0,(anonymous_0)
DA:9,0
DA:11,0
DA:18,0
DA:19,0
DA:21,0
LF:5
LH:0
BRDA:18,0,0,0
BRDA:18,0,1,0
BRF:2
BRH:0
end_of_record
TN:
SF:/home/artur/code/cfp/codeforpoznan.pl_v3/frontend/src/components/Dashboard/Dashboard.vue
FN:40,(anonymous_1)
FNF:1
FNH:1
FNDA:1,(anonymous_1)
DA:22,1
DA:23,1
DA:24,1
DA:25,1
DA:26,1
DA:27,1
DA:41,1
LF:7
LH:7
BRF:0
BRH:0
end_of_record
TN:
SF:/home/artur/code/cfp/codeforpoznan.pl_v3/frontend/src/components/Dashboard/Hacknight/Hacknight.vue
FN:77,(anonymous_1)
FN:84,(anonymous_2)
FN:89,(anonymous_3)
FN:90,(anonymous_4)
FN:94,(anonymous_5)
FN:97,(anonymous_6)
FN:98,(anonymous_7)
FN:105,(anonymous_8)
FNF:8
FNH:3
FNDA:2,(anonymous_1)
FNDA:2,(anonymous_2)
FNDA:0,(anonymous_3)
FNDA:0,(anonymous_4)
FNDA:0,(anonymous_5)
FNDA:0,(anonymous_6)
FNDA:0,(anonymous_7)
FNDA:2,(anonymous_8)
DA:75,2
DA:78,2
DA:85,2
DA:86,2
DA:90,0
DA:95,0
DA:98,0
DA:100,0
DA:106,2
LF:9
LH:5
BRDA:89,0,0,0
BRF:1
BRH:0
end_of_record
TN:
SF:/home/artur/code/cfp/codeforpoznan.pl_v3/frontend/src/components/Dashboard/HacknightsParticipants/HacknightsParticipants.vue
FN:76,(anonymous_1)
FN:84,(anonymous_2)
FN:85,(anonymous_3)
FN:87,(anonymous_4)
FN:91,(anonymous_5)
FN:96,(anonymous_6)
FN:97,(anonymous_7)
FN:106,(anonymous_10)
FN:107,(anonymous_11)
FNF:9
FNH:3
FNDA:2,(anonymous_1)
FNDA:0,(anonymous_2)
FNDA:0,(anonymous_3)
FNDA:0,(anonymous_4)
FNDA:0,(anonymous_5)
FNDA:2,(anonymous_6)
FNDA:0,(anonymous_7)
FNDA:2,(anonymous_10)
FNDA:0,(anonymous_11)
DA:73,2
DA:74,2
DA:77,2
DA:85,0
DA:87,0
DA:92,0
DA:94,0
DA:97,2
DA:107,2
LF:9
LH:5
BRF:0
BRH:0
end_of_record
TN:
SF:/home/artur/code/cfp/codeforpoznan.pl_v3/frontend/src/components/Dashboard/Header/DashboardHeader.vue
FN:45,(anonymous_1)
FN:52,(anonymous_2)
FNF:2
FNH:1
FNDA:2,(anonymous_1)
FNDA:0,(anonymous_2)
DA:46,2
DA:53,0
DA:54,0
LF:3
LH:1
BRF:0
BRH:0
end_of_record
TN:
SF:/home/artur/code/cfp/codeforpoznan.pl_v3/frontend/src/components/Dashboard/Participants/Participants.vue
FN:184,(anonymous_1)
FN:211,(anonymous_2)
FN:212,(anonymous_3)
FN:222,(anonymous_4)
FN:223,(anonymous_5)
FN:253,(anonymous_6)
FN:256,(anonymous_7)
FN:261,(anonymous_8)
FN:267,(anonymous_9)
FN:269,(anonymous_10)
FN:274,(anonymous_11)
FN:278,(anonymous_12)
FN:284,(anonymous_13)
FN:290,(anonymous_14)
FN:295,(anonymous_15)
FN:300,(anonymous_16)
FN:301,(anonymous_17)
FN:305,(anonymous_18)
FN:312,(anonymous_19)
FN:319,(anonymous_20)
FN:321,(anonymous_21)
FN:330,(anonymous_22)
FN:332,(anonymous_23)
FN:334,(anonymous_24)
FN:343,(anonymous_25)
FN:345,(anonymous_26)
FN:347,(anonymous_27)
FN:356,(anonymous_28)
FN:360,(anonymous_29)
FN:370,(anonymous_30)
FN:379,(anonymous_31)
FN:389,(anonymous_32)
FN:399,(anonymous_33)
FN:409,(anonymous_34)
FN:418,(anonymous_35)
FNF:35
FNH:7
FNDA:2,(anonymous_1)
FNDA:0,(anonymous_2)
FNDA:0,(anonymous_3)
FNDA:0,(anonymous_4)
FNDA:0,(anonymous_5)
FNDA:0,(anonymous_6)
FNDA:0,(anonymous_7)
FNDA:0,(anonymous_8)
FNDA:0,(anonymous_9)
FNDA:0,(anonymous_10)
FNDA:0,(anonymous_11)
FNDA:0,(anonymous_12)
FNDA:0,(anonymous_13)
FNDA:0,(anonymous_14)
FNDA:0,(anonymous_15)
FNDA:0,(anonymous_16)
FNDA:0,(anonymous_17)
FNDA:0,(anonymous_18)
FNDA:0,(anonymous_19)
FNDA:0,(anonymous_20)
FNDA:0,(anonymous_21)
FNDA:0,(anonymous_22)
FNDA:0,(anonymous_23)
FNDA:0,(anonymous_24)
FNDA:0,(anonymous_25)
FNDA:0,(anonymous_26)
FNDA:0,(anonymous_27)
FNDA:0,(anonymous_28)
FNDA:0,(anonymous_29)
FNDA:2,(anonymous_30)
FNDA:2,(anonymous_31)
FNDA:2,(anonymous_32)
FNDA:2,(anonymous_33)
FNDA:2,(anonymous_34)
FNDA:2,(anonymous_35)
DA:168,2
DA:169,2
DA:170,2
DA:177,2
DA:178,2
DA:185,2
DA:212,0
DA:223,0
DA:254,0
DA:255,0
DA:256,0
DA:259,0
DA:261,0
DA:262,0
DA:268,0
DA:271,0
DA:272,0
DA:273,0
DA:274,0
DA:279,0
DA:280,0
DA:281,0
DA:282,0
DA:284,0
DA:287,0
DA:288,0
DA:289,0
DA:290,0
DA:296,0
DA:297,0
DA:298,0
DA:301,0
DA:306,0
DA:307,0
DA:309,0
DA:313,0
DA:314,0
DA:320,0
DA:321,0
DA:328,0
DA:330,0
DA:333,0
DA:334,0
DA:341,0
DA:343,0
DA:346,0
DA:347,0
DA:354,0
DA:356,0
DA:361,0
DA:371,2
DA:373,4
DA:374,0
DA:375,0
DA:376,0
DA:377,0
DA:380,2
DA:382,4
DA:383,0
DA:385,0
DA:386,0
DA:387,0
DA:390,2
DA:392,4
DA:393,0
DA:395,0
DA:396,0
DA:397,0
DA:400,2
DA:402,4
DA:403,0
DA:404,0
DA:406,0
DA:407,0
DA:410,2
DA:412,4
DA:413,0
DA:414,0
DA:415,0
DA:416,0
DA:419,2
DA:421,4
DA:422,0
DA:424,0
DA:425,0
DA:426,0
LF:86
LH:18
BRDA:212,0,0,0
BRDA:212,0,1,0
BRDA:223,1,0,0
BRDA:223,1,1,0
BRDA:254,2,0,0
BRDA:254,2,1,0
BRDA:271,3,0,0
BRDA:271,3,1,0
BRDA:279,4,0,0
BRDA:279,4,1,0
BRDA:280,5,0,0
BRDA:280,5,1,0
BRDA:281,6,0,0
BRDA:281,6,1,0
BRDA:287,7,0,0
BRDA:287,7,1,0
BRDA:301,8,0,0
BRDA:301,8,1,0
BRDA:301,8,2,0
BRDA:306,9,0,0
BRDA:306,9,1,0
BRDA:321,10,0,0
BRDA:321,10,1,0
BRDA:334,11,0,0
BRDA:334,11,1,0
BRDA:347,12,0,0
BRDA:347,12,1,0
BRDA:361,13,0,0
BRDA:361,13,1,0
BRDA:373,14,0,2
BRDA:373,14,1,0
BRDA:374,15,0,0
BRDA:374,15,1,0
BRDA:375,16,0,0
BRDA:375,16,1,0
BRDA:376,17,0,0
BRDA:376,17,1,0
BRDA:382,18,0,2
BRDA:382,18,1,0
BRDA:383,19,0,0
BRDA:383,19,1,0
BRDA:385,20,0,0
BRDA:385,20,1,0
BRDA:386,21,0,0
BRDA:386,21,1,0
BRDA:392,22,0,2
BRDA:392,22,1,0
BRDA:393,23,0,0
BRDA:393,23,1,0
BRDA:395,24,0,0
BRDA:395,24,1,0
BRDA:396,25,0,0
BRDA:396,25,1,0
BRDA:402,26,0,2
BRDA:402,26,1,0
BRDA:403,27,0,0
BRDA:403,27,1,0
BRDA:404,28,0,0
BRDA:404,28,1,0
BRDA:406,29,0,0
BRDA:406,29,1,0
BRDA:412,30,0,2
BRDA:412,30,1,0
BRDA:413,31,0,0
BRDA:413,31,1,0
BRDA:414,32,0,0
BRDA:414,32,1,0
BRDA:415,33,0,0
BRDA:415,33,1,0
BRDA:421,34,0,2
BRDA:421,34,1,0
BRDA:422,35,0,0
BRDA:422,35,1,0
BRDA:424,36,0,0
BRDA:424,36,1,0
BRDA:425,37,0,0
BRDA:425,37,1,0
BRF:77
BRH:6
end_of_record
TN:
SF:/home/artur/code/cfp/codeforpoznan.pl_v3/frontend/src/components/Dashboard/Participants/ParticipantsSearch/ParticipantsSearch.vue
FN:37,(anonymous_1)
FN:40,(anonymous_2)
FN:43,(anonymous_3)
FN:46,(anonymous_4)
FN:55,(anonymous_5)
FN:56,(anonymous_6)
FN:65,(anonymous_7)
FNF:7
FNH:2
FNDA:1,(anonymous_1)
FNDA:0,(anonymous_2)
FNDA:1,(anonymous_3)
FNDA:0,(anonymous_4)
FNDA:0,(anonymous_5)
FNDA:0,(anonymous_6)
FNDA:0,(anonymous_7)
DA:25,3
DA:38,1
DA:40,1
DA:44,1
DA:47,0
DA:50,0
DA:56,0
DA:66,0
DA:68,0
LF:9
LH:4
BRDA:47,0,0,0
BRDA:47,0,1,0
BRDA:56,1,0,0
BRDA:56,1,1,0
BRF:4
BRH:0
end_of_record
TN:
SF:/home/artur/code/cfp/codeforpoznan.pl_v3/frontend/src/components/Dashboard/ParticipantsChart/ParticipantsChart.vue
FN:42,(anonymous_1)
FN:49,(anonymous_2)
FN:55,(anonymous_3)
FN:56,(anonymous_4)
FN:62,(anonymous_5)
FN:63,(anonymous_6)
FN:65,(anonymous_7)
FN:66,(anonymous_8)
FN:70,(anonymous_9)
FN:82,(anonymous_10)
FNF:10
FNH:7
FNDA:5,(anonymous_1)
FNDA:5,(anonymous_2)
FNDA:5,(anonymous_3)
FNDA:0,(anonymous_4)
FNDA:5,(anonymous_5)
FNDA:0,(anonymous_6)
FNDA:5,(anonymous_7)
FNDA:0,(anonymous_8)
FNDA:5,(anonymous_9)
FNDA:5,(anonymous_10)
DA:38,2
DA:39,2
DA:43,5
DA:50,5
DA:51,5
DA:56,5
DA:58,0
DA:63,5
DA:66,5
DA:71,5
DA:83,5
LF:11
LH:10
BRDA:58,0,0,0
BRDA:58,0,1,0
BRF:2
BRH:0
end_of_record
TN:
SF:/home/artur/code/cfp/codeforpoznan.pl_v3/frontend/src/components/HomePage/HomePage.vue
FN:55,(anonymous_1)
FN:58,(anonymous_2)
FNF:2
FNH:0
FNDA:0,(anonymous_1)
FNDA:0,(anonymous_2)
DA:36,1
DA:37,1
DA:38,1
DA:39,1
DA:40,1
DA:41,1
DA:42,1
DA:43,1
DA:56,0
DA:59,0
LF:10
LH:8
BRF:0
BRH:0
end_of_record
TN:
SF:/home/artur/code/cfp/codeforpoznan.pl_v3/frontend/src/components/HomePage/ContactUs/ContactUs.vue
FN:63,(anonymous_1)
FN:72,(anonymous_2)
FN:81,(anonymous_3)
FN:84,(anonymous_4)
FN:91,(anonymous_5)
FN:110,(anonymous_6)
FN:117,(anonymous_7)
FN:125,(anonymous_8)
FN:132,(anonymous_9)
FNF:9
FNH:5
FNDA:2,(anonymous_1)
FNDA:0,(anonymous_2)
FNDA:0,(anonymous_3)
FNDA:0,(anonymous_4)
FNDA:0,(anonymous_5)
FNDA:2,(anonymous_6)
FNDA:2,(anonymous_7)
FNDA:2,(anonymous_8)
FNDA:2,(anonymous_9)
DA:55,2
DA:64,2
DA:73,0
DA:80,0
DA:81,0
DA:83,0
DA:86,0
DA:92,0
DA:93,0
DA:94,0
DA:95,0
DA:96,0
DA:111,2
DA:113,4
DA:114,0
DA:115,0
DA:118,2
DA:120,4
DA:121,0
DA:122,0
DA:123,0
DA:126,2
DA:128,2
DA:130,2
DA:133,2
DA:135,4
DA:136,0
DA:138,0
DA:140,0
LF:29
LH:11
BRDA:80,0,0,0
BRDA:80,0,1,0
BRDA:83,1,0,0
BRDA:83,1,1,0
BRDA:113,2,0,2
BRDA:113,2,1,0
BRDA:114,3,0,0
BRDA:114,3,1,0
BRDA:120,4,0,2
BRDA:120,4,1,0
BRDA:121,5,0,0
BRDA:121,5,1,0
BRDA:122,6,0,0
BRDA:122,6,1,0
BRDA:128,7,0,2
BRDA:128,7,1,0
BRDA:135,8,0,2
BRDA:135,8,1,0
BRDA:136,9,0,0
BRDA:136,9,1,0
BRDA:138,10,0,0
BRDA:138,10,1,0
BRF:22
BRH:4
end_of_record
TN:
SF:/home/artur/code/cfp/codeforpoznan.pl_v3/frontend/src/components/HomePage/Header/Header.vue
FN:69,(anonymous_1)
FN:86,(anonymous_2)
FN:88,(anonymous_3)
FNF:3
FNH:1
FNDA:2,(anonymous_1)
FNDA:0,(anonymous_2)
FNDA:0,(anonymous_3)
DA:66,2
DA:70,2
DA:87,0
DA:88,0
DA:92,0
LF:5
LH:2
BRDA:87,0,0,0
BRDA:87,0,1,0
BRF:2
BRH:0
end_of_record
TN:
SF:/home/artur/code/cfp/codeforpoznan.pl_v3/frontend/src/components/HomePage/OurProjects/OurProjects.vue
FN:53,(anonymous_1)
FN:62,(anonymous_2)
FN:67,(anonymous_3)
FN:68,(anonymous_4)
FNF:4
FNH:2
FNDA:2,(anonymous_1)
FNDA:0,(anonymous_2)
FNDA:2,(anonymous_3)
FNDA:0,(anonymous_4)
DA:47,2
DA:48,2
DA:54,2
DA:63,0
DA:64,0
DA:68,2
DA:69,0
LF:7
LH:4
BRF:0
BRH:0
end_of_record
TN:
SF:/home/artur/code/cfp/codeforpoznan.pl_v3/frontend/src/components/HomePage/OurProjects/ModalContent/ModalContent.vue
FN:88,(anonymous_1)
FN:93,(anonymous_2)
FN:96,(anonymous_3)
FNF:3
FNH:2
FNDA:0,(anonymous_1)
FNDA:1,(anonymous_2)
FNDA:1,(anonymous_3)
DA:89,0
DA:94,1
DA:97,1
LF:3
LH:2
BRF:0
BRH:0
end_of_record
TN:
SF:/home/artur/code/cfp/codeforpoznan.pl_v3/frontend/src/components/HomePage/SocialMedia/SocialMedia.vue
FN:16,(anonymous_1)
FNF:1
FNH:1
FNDA:12,(anonymous_1)
DA:17,12
LF:1
LH:1
BRF:0
BRH:0
end_of_record
TN:
SF:/home/artur/code/cfp/codeforpoznan.pl_v3/frontend/src/components/Login/Login.vue
FN:60,(anonymous_1)
FN:76,(anonymous_2)
FN:84,(anonymous_3)
FN:93,(anonymous_4)
FN:101,(anonymous_5)
FN:111,(anonymous_6)
FNF:6
FNH:3
FNDA:1,(anonymous_1)
FNDA:0,(anonymous_2)
FNDA:0,(anonymous_3)
FNDA:0,(anonymous_4)
FNDA:1,(anonymous_5)
FNDA:1,(anonymous_6)
DA:56,1
DA:57,1
DA:61,1
DA:77,0
DA:82,0
DA:83,0
DA:84,0
DA:85,0
DA:86,0
DA:87,0
DA:88,0
DA:94,0
DA:95,0
DA:96,0
DA:102,1
DA:104,2
DA:105,0
DA:107,0
DA:109,0
DA:112,1
DA:114,2
DA:115,0
DA:116,0
LF:23
LH:7
BRDA:82,0,0,0
BRDA:82,0,1,0
BRDA:87,1,0,0
BRDA:87,1,1,0
BRDA:104,2,0,1
BRDA:104,2,1,0
BRDA:105,3,0,0
BRDA:105,3,1,0
BRDA:107,4,0,0
BRDA:107,4,1,0
BRDA:114,5,0,1
BRDA:114,5,1,0
BRDA:115,6,0,0
BRDA:115,6,1,0
BRF:14
BRH:2
end_of_record
TN:
SF:/home/artur/code/cfp/codeforpoznan.pl_v3/frontend/src/helpers/date.js
FN:1,(anonymous_0)
FN:12,(anonymous_1)
FNF:2
FNH:2
FNDA:14,(anonymous_0)
FNDA:6,(anonymous_1)
DA:1,3
DA:2,14
DA:3,14
DA:5,14
DA:12,3
DA:13,6
DA:15,6
DA:17,6
LF:8
LH:8
BRDA:1,0,0,13
BRDA:7,1,0,2
BRDA:7,1,1,12
BRDA:8,2,0,14
BRDA:8,2,1,0
BRF:5
BRH:4
end_of_record
TN:
SF:/home/artur/code/cfp/codeforpoznan.pl_v3/frontend/src/helpers/validation.js
FNF:0
FNH:0
DA:3,2
DA:8,2
LF:2
LH:2
BRF:0
BRH:0
end_of_record
TN:
SF:/home/artur/code/cfp/codeforpoznan.pl_v3/frontend/src/plugins/vuetify.js
FNF:0
FNH:0
DA:5,0
LF:1
LH:0
BRF:0
BRH:0
end_of_record
TN:
SF:/home/artur/code/cfp/codeforpoznan.pl_v3/frontend/src/store/index.js
FNF:0
FNH:0
DA:8,0
DA:10,0
LF:2
LH:0
BRF:0
BRH:0
end_of_record
TN:
SF:/home/artur/code/cfp/codeforpoznan.pl_v3/frontend/src/store/modules/auth.js
FN:13,(anonymous_0)
FN:14,(anonymous_1)
FN:19,(anonymous_2)
FN:22,(anonymous_3)
FN:27,(anonymous_4)
FN:49,(anonymous_5)
FN:53,(anonymous_6)
FN:56,(anonymous_7)
FN:59,(anonymous_8)
FN:64,(anonymous_9)
FN:71,(anonymous_10)
FN:74,(anonymous_11)
FN:78,(anonymous_12)
FN:87,(anonymous_13)
FN:94,(anonymous_14)
FNF:15
FNH:0
FNDA:0,(anonymous_0)
FNDA:0,(anonymous_1)
FNDA:0,(anonymous_2)
FNDA:0,(anonymous_3)
FNDA:0,(anonymous_4)
FNDA:0,(anonymous_5)
FNDA:0,(anonymous_6)
FNDA:0,(anonymous_7)
FNDA:0,(anonymous_8)
FNDA:0,(anonymous_9)
FNDA:0,(anonymous_10)
FNDA:0,(anonymous_11)
FNDA:0,(anonymous_12)
FNDA:0,(anonymous_13)
FNDA:0,(anonymous_14)
DA:13,0
DA:15,0
DA:20,0
DA:23,0
DA:28,0
DA:30,0
DA:31,0
DA:35,0
DA:36,0
DA:38,0
DA:39,0
DA:40,0
DA:41,0
DA:42,0
DA:43,0
DA:45,0
DA:46,0
DA:50,0
DA:51,0
DA:54,0
DA:57,0
DA:60,0
DA:61,0
DA:65,0
DA:67,0
DA:72,0
DA:75,0
DA:79,0
DA:81,0
DA:88,0
DA:90,0
DA:91,0
DA:92,0
DA:95,0
DA:96,0
DA:97,0
LF:36
LH:0
BRDA:9,0,0,0
BRDA:9,0,1,0
BRF:2
BRH:0
end_of_record
TN:
SF:/home/artur/code/cfp/codeforpoznan.pl_v3/frontend/src/store/modules/contact.js
FN:10,(anonymous_0)
FN:13,(anonymous_1)
FN:18,(anonymous_2)
FN:20,(anonymous_3)
FN:22,(anonymous_4)
FN:25,(anonymous_5)
FN:27,(anonymous_6)
FN:29,(anonymous_7)
FN:34,(anonymous_8)
FN:35,(anonymous_9)
FN:44,(anonymous_10)
FN:48,(anonymous_11)
FN:54,(anonymous_12)
FN:57,(anonymous_13)
FNF:14
FNH:0
FNDA:0,(anonymous_0)
FNDA:0,(anonymous_1)
FNDA:0,(anonymous_2)
FNDA:0,(anonymous_3)
FNDA:0,(anonymous_4)
FNDA:0,(anonymous_5)
FNDA:0,(anonymous_6)
FNDA:0,(anonymous_7)
FNDA:0,(anonymous_8)
FNDA:0,(anonymous_9)
FNDA:0,(anonymous_10)
FNDA:0,(anonymous_11)
FNDA:0,(anonymous_12)
FNDA:0,(anonymous_13)
DA:11,0
DA:14,0
DA:19,0
DA:20,0
DA:23,0
DA:26,0
DA:27,0
DA:30,0
DA:35,0
DA:36,0
DA:45,0
DA:46,0
DA:49,0
DA:55,0
DA:58,0
LF:15
LH:0
BRDA:45,0,0,0
BRDA:45,0,1,0
BRF:2
BRH:0
end_of_record
TN:
SF:/home/artur/code/cfp/codeforpoznan.pl_v3/frontend/src/store/modules/hacknight.js
FN:11,(anonymous_0)
FN:14,(anonymous_1)
FN:17,(anonymous_2)
FN:22,(anonymous_3)
FN:25,(anonymous_4)
FN:28,(anonymous_5)
FN:33,(anonymous_6)
FN:38,(anonymous_7)
FN:42,(anonymous_8)
FN:48,(anonymous_9)
FN:51,(anonymous_10)
FN:54,(anonymous_11)
FN:58,(anonymous_12)
FN:61,(anonymous_13)
FN:64,(anonymous_14)
FN:68,(anonymous_15)
FN:73,(anonymous_16)
FN:76,(anonymous_17)
FN:80,(anonymous_18)
FN:87,(anonymous_19)
FN:90,(anonymous_20)
FNF:21
FNH:0
FNDA:0,(anonymous_0)
FNDA:0,(anonymous_1)
FNDA:0,(anonymous_2)
FNDA:0,(anonymous_3)
FNDA:0,(anonymous_4)
FNDA:0,(anonymous_5)
FNDA:0,(anonymous_6)
FNDA:0,(anonymous_7)
FNDA:0,(anonymous_8)
FNDA:0,(anonymous_9)
FNDA:0,(anonymous_10)
FNDA:0,(anonymous_11)
FNDA:0,(anonymous_12)
FNDA:0,(anonymous_13)
FNDA:0,(anonymous_14)
FNDA:0,(anonymous_15)
FNDA:0,(anonymous_16)
FNDA:0,(anonymous_17)
FNDA:0,(anonymous_18)
FNDA:0,(anonymous_19)
FNDA:0,(anonymous_20)
DA:12,0
DA:15,0
DA:18,0
DA:23,0
DA:26,0
DA:29,0
DA:34,0
DA:39,0
DA:40,0
DA:43,0
DA:45,0
DA:49,0
DA:52,0
DA:55,0
DA:59,0
DA:62,0
DA:65,0
DA:69,0
DA:74,0
DA:77,0
DA:81,0
DA:88,0
DA:91,0
LF:23
LH:0
BRF:0
BRH:0
end_of_record
TN:
SF:/home/artur/code/cfp/codeforpoznan.pl_v3/frontend/src/store/modules/participant.js
FN:11,(anonymous_0)
FN:14,(anonymous_1)
FN:17,(anonymous_2)
FN:22,(anonymous_3)
FN:25,(anonymous_4)
FN:28,(anonymous_5)
FN:33,(anonymous_6)
FN:36,(anonymous_7)
FN:39,(anonymous_8)
FN:43,(anonymous_9)
FN:46,(anonymous_10)
FN:51,(anonymous_11)
FN:55,(anonymous_12)
FN:64,(anonymous_13)
FNF:14
FNH:0
FNDA:0,(anonymous_0)
FNDA:0,(anonymous_1)
FNDA:0,(anonymous_2)
FNDA:0,(anonymous_3)
FNDA:0,(anonymous_4)
FNDA:0,(anonymous_5)
FNDA:0,(anonymous_6)
FNDA:0,(anonymous_7)
FNDA:0,(anonymous_8)
FNDA:0,(anonymous_9)
FNDA:0,(anonymous_10)
FNDA:0,(anonymous_11)
FNDA:0,(anonymous_12)
FNDA:0,(anonymous_13)
DA:12,0
DA:15,0
DA:18,0
DA:23,0
DA:26,0
DA:29,0
DA:34,0
DA:37,0
DA:40,0
DA:44,0
DA:47,0
DA:48,0
DA:49,0
DA:52,0
DA:56,0
DA:57,0
DA:59,0
DA:61,0
DA:65,0
DA:66,0
DA:71,0
DA:72,0
DA:73,0
DA:75,0
LF:24
LH:0
BRF:0
BRH:0
end_of_record
